
************************************************************
Xe0YXax
{'contrast_type': 'PU', 'contrast_title': '', 'model_type': 'english1000', 'stimuli_type': 'word_list', 'coordinate_space': 'mni', 'list1_name': 'sight_words', 'list1_text': 'shadowy', 'list2_name': 'touch_words', 'list2_text': 'lukewarm, mushy, soft, sharp, tepid, oily, woolly, thick, cool, wet, silky, velvety, gritty, icy, spongy, smooth, rough, sandy, cold, slippery, warm, waxy, furry, dry, hot, fleshy, feathery, dull, steamy, rubbery, fuzzy, thin, sticky, bumpy, hairy, fragile, damp, crisp, leathery, tender', 'csrfmiddlewaretoken': 'xdQAm4JIWKerMYiTEP450VwuM3S3h4nPE5wJvAEoseZ1QpLQ1UgLyEcYUZzhO07W', 'baseline_choice': False, 'permutation_choice': False}
************************************************************
************************************************************
nelxleK
{'contrast_type': 'PU', 'contrast_title': '', 'model_type': 'english1000', 'stimuli_type': 'word_list', 'coordinate_space': 'mni', 'list1_name': 'sight_words', 'list1_text': 'ivory', 'list2_name': 'touch_words', 'list2_text': 'lukewarm, mushy, soft, sharp, tepid, oily, woolly, thick, cool, wet, silky, velvety, gritty, icy, spongy, smooth, rough, sandy, cold, slippery, warm, waxy, furry, dry, hot, fleshy, feathery, dull, steamy, rubbery, fuzzy, thin, sticky, bumpy, hairy, fragile, damp, crisp, leathery, tender', 'csrfmiddlewaretoken': 'xdQAm4JIWKerMYiTEP450VwuM3S3h4nPE5wJvAEoseZ1QpLQ1UgLyEcYUZzhO07W', 'baseline_choice': False, 'permutation_choice': False}
************************************************************
************************************************************
penxlb7
{'contrast_type': 'PU', 'contrast_title': '', 'model_type': 'english1000', 'stimuli_type': 'word_list', 'coordinate_space': 'mni', 'list1_name': 'sight_words', 'list1_text': 'drab', 'list2_name': 'touch_words', 'list2_text': 'lukewarm, mushy, soft, sharp, tepid, oily, woolly, thick, cool, wet, silky, velvety, gritty, icy, spongy, smooth, rough, sandy, cold, slippery, warm, waxy, furry, dry, hot, fleshy, feathery, dull, steamy, rubbery, fuzzy, thin, sticky, bumpy, hairy, fragile, damp, crisp, leathery, tender', 'csrfmiddlewaretoken': 'xdQAm4JIWKerMYiTEP450VwuM3S3h4nPE5wJvAEoseZ1QpLQ1UgLyEcYUZzhO07W', 'baseline_choice': False, 'permutation_choice': False}
************************************************************
************************************************************
DdwVJb1
{'contrast_type': 'PU', 'contrast_title': '', 'model_type': 'english1000', 'stimuli_type': 'word_list', 'coordinate_space': 'mni', 'list1_name': 'sight_words', 'list1_text': 'red', 'list2_name': 'touch_words', 'list2_text': 'lukewarm, mushy, soft, sharp, tepid, oily, woolly, thick, cool, wet, silky, velvety, gritty, icy, spongy, smooth, rough, sandy, cold, slippery, warm, waxy, furry, dry, hot, fleshy, feathery, dull, steamy, rubbery, fuzzy, thin, sticky, bumpy, hairy, fragile, damp, crisp, leathery, tender', 'csrfmiddlewaretoken': 'xdQAm4JIWKerMYiTEP450VwuM3S3h4nPE5wJvAEoseZ1QpLQ1UgLyEcYUZzhO07W', 'baseline_choice': False, 'permutation_choice': False}
************************************************************
************************************************************
penx4b7
{'contrast_type': 'PU', 'contrast_title': '', 'model_type': 'english1000', 'stimuli_type': 'word_list', 'coordinate_space': 'mni', 'list1_name': 'sight_words', 'list1_text': 'worn', 'list2_name': 'touch_words', 'list2_text': 'lukewarm, mushy, soft, sharp, tepid, oily, woolly, thick, cool, wet, silky, velvety, gritty, icy, spongy, smooth, rough, sandy, cold, slippery, warm, waxy, furry, dry, hot, fleshy, feathery, dull, steamy, rubbery, fuzzy, thin, sticky, bumpy, hairy, fragile, damp, crisp, leathery, tender', 'csrfmiddlewaretoken': 'xdQAm4JIWKerMYiTEP450VwuM3S3h4nPE5wJvAEoseZ1QpLQ1UgLyEcYUZzhO07W', 'baseline_choice': False, 'permutation_choice': False}
************************************************************
************************************************************
PdRoReG
{'contrast_type': 'PU', 'contrast_title': '', 'model_type': 'english1000', 'stimuli_type': 'word_list', 'coordinate_space': 'mni', 'list1_name': 'sight_words', 'list1_text': 'wrinkled', 'list2_name': 'touch_words', 'list2_text': 'lukewarm, mushy, soft, sharp, tepid, oily, woolly, thick, cool, wet, silky, velvety, gritty, icy, spongy, smooth, rough, sandy, cold, slippery, warm, waxy, furry, dry, hot, fleshy, feathery, dull, steamy, rubbery, fuzzy, thin, sticky, bumpy, hairy, fragile, damp, crisp, leathery, tender', 'csrfmiddlewaretoken': 'xdQAm4JIWKerMYiTEP450VwuM3S3h4nPE5wJvAEoseZ1QpLQ1UgLyEcYUZzhO07W', 'baseline_choice': False, 'permutation_choice': False}
************************************************************
************************************************************
7axnJdy
{'contrast_type': 'PU', 'contrast_title': '', 'model_type': 'english1000', 'stimuli_type': 'word_list', 'coordinate_space': 'mni', 'list1_name': 'sight_words', 'list1_text': 'silver', 'list2_name': 'touch_words', 'list2_text': 'lukewarm, mushy, soft, sharp, tepid, oily, woolly, thick, cool, wet, silky, velvety, gritty, icy, spongy, smooth, rough, sandy, cold, slippery, warm, waxy, furry, dry, hot, fleshy, feathery, dull, steamy, rubbery, fuzzy, thin, sticky, bumpy, hairy, fragile, damp, crisp, leathery, tender', 'csrfmiddlewaretoken': 'xdQAm4JIWKerMYiTEP450VwuM3S3h4nPE5wJvAEoseZ1QpLQ1UgLyEcYUZzhO07W', 'baseline_choice': False, 'permutation_choice': False}
************************************************************
************************************************************
mbk8xdz
{'contrast_type': 'PU', 'contrast_title': '', 'model_type': 'english1000', 'stimuli_type': 'word_list', 'coordinate_space': 'mni', 'list1_name': 'sight_words', 'list1_text': 'dark', 'list2_name': 'touch_words', 'list2_text': 'lukewarm, mushy, soft, sharp, tepid, oily, woolly, thick, cool, wet, silky, velvety, gritty, icy, spongy, smooth, rough, sandy, cold, slippery, warm, waxy, furry, dry, hot, fleshy, feathery, dull, steamy, rubbery, fuzzy, thin, sticky, bumpy, hairy, fragile, damp, crisp, leathery, tender', 'csrfmiddlewaretoken': 'xdQAm4JIWKerMYiTEP450VwuM3S3h4nPE5wJvAEoseZ1QpLQ1UgLyEcYUZzhO07W', 'baseline_choice': False, 'permutation_choice': False}
************************************************************
************************************************************
xboVzag
{'contrast_type': 'PU', 'contrast_title': '', 'model_type': 'english1000', 'stimuli_type': 'word_list', 'coordinate_space': 'mni', 'list1_name': 'sight_words', 'list1_text': 'fragile', 'list2_name': 'touch_words', 'list2_text': 'lukewarm, mushy, soft, sharp, tepid, oily, woolly, thick, cool, wet, silky, velvety, gritty, icy, spongy, smooth, rough, sandy, cold, slippery, warm, waxy, furry, dry, hot, fleshy, feathery, dull, steamy, rubbery, fuzzy, thin, sticky, bumpy, hairy, fragile, damp, crisp, leathery, tender', 'csrfmiddlewaretoken': 'xdQAm4JIWKerMYiTEP450VwuM3S3h4nPE5wJvAEoseZ1QpLQ1UgLyEcYUZzhO07W', 'baseline_choice': False, 'permutation_choice': False}
************************************************************
************************************************************
PdyoVaQ
{'contrast_type': 'PU', 'contrast_title': '', 'model_type': 'english1000', 'stimuli_type': 'word_list', 'coordinate_space': 'mni', 'list1_name': 'sight_words', 'list1_text': 'handsome', 'list2_name': 'touch_words', 'list2_text': 'lukewarm, mushy, soft, sharp, tepid, oily, woolly, thick, cool, wet, silky, velvety, gritty, icy, spongy, smooth, rough, sandy, cold, slippery, warm, waxy, furry, dry, hot, fleshy, feathery, dull, steamy, rubbery, fuzzy, thin, sticky, bumpy, hairy, fragile, damp, crisp, leathery, tender', 'csrfmiddlewaretoken': 'xdQAm4JIWKerMYiTEP450VwuM3S3h4nPE5wJvAEoseZ1QpLQ1UgLyEcYUZzhO07W', 'baseline_choice': False, 'permutation_choice': False}
************************************************************
************************************************************
7axvrdy
{'contrast_type': 'PU', 'contrast_title': '', 'model_type': 'english1000', 'stimuli_type': 'word_list', 'coordinate_space': 'mni', 'list1_name': 'sight_words', 'list1_text': 'flat', 'list2_name': 'touch_words', 'list2_text': 'lukewarm, mushy, soft, sharp, tepid, oily, woolly, thick, cool, wet, silky, velvety, gritty, icy, spongy, smooth, rough, sandy, cold, slippery, warm, waxy, furry, dry, hot, fleshy, feathery, dull, steamy, rubbery, fuzzy, thin, sticky, bumpy, hairy, fragile, damp, crisp, leathery, tender', 'csrfmiddlewaretoken': 'xdQAm4JIWKerMYiTEP450VwuM3S3h4nPE5wJvAEoseZ1QpLQ1UgLyEcYUZzhO07W', 'baseline_choice': False, 'permutation_choice': False}
************************************************************
************************************************************
kazvraJ
{'contrast_type': 'PU', 'contrast_title': '', 'model_type': 'english1000', 'stimuli_type': 'word_list', 'coordinate_space': 'mni', 'list1_name': 'sight_words', 'list1_text': 'brown', 'list2_name': 'touch_words', 'list2_text': 'lukewarm, mushy, soft, sharp, tepid, oily, woolly, thick, cool, wet, silky, velvety, gritty, icy, spongy, smooth, rough, sandy, cold, slippery, warm, waxy, furry, dry, hot, fleshy, feathery, dull, steamy, rubbery, fuzzy, thin, sticky, bumpy, hairy, fragile, damp, crisp, leathery, tender', 'csrfmiddlewaretoken': 'xdQAm4JIWKerMYiTEP450VwuM3S3h4nPE5wJvAEoseZ1QpLQ1UgLyEcYUZzhO07W', 'baseline_choice': False, 'permutation_choice': False}
************************************************************
************************************************************
9aANBbv
{'contrast_type': 'PU', 'contrast_title': '', 'model_type': 'english1000', 'stimuli_type': 'word_list', 'coordinate_space': 'mni', 'list1_name': 'sight_words', 'list1_text': 'black', 'list2_name': 'touch_words', 'list2_text': 'lukewarm, mushy, soft, sharp, tepid, oily, woolly, thick, cool, wet, silky, velvety, gritty, icy, spongy, smooth, rough, sandy, cold, slippery, warm, waxy, furry, dry, hot, fleshy, feathery, dull, steamy, rubbery, fuzzy, thin, sticky, bumpy, hairy, fragile, damp, crisp, leathery, tender', 'csrfmiddlewaretoken': 'xdQAm4JIWKerMYiTEP450VwuM3S3h4nPE5wJvAEoseZ1QpLQ1UgLyEcYUZzhO07W', 'baseline_choice': False, 'permutation_choice': False}
************************************************************
************************************************************
mep81eM
{'contrast_type': 'PU', 'contrast_title': '', 'model_type': 'english1000', 'stimuli_type': 'word_list', 'coordinate_space': 'mni', 'list1_name': 'sight_words', 'list1_text': 'tiny', 'list2_name': 'touch_words', 'list2_text': 'lukewarm, mushy, soft, sharp, tepid, oily, woolly, thick, cool, wet, silky, velvety, gritty, icy, spongy, smooth, rough, sandy, cold, slippery, warm, waxy, furry, dry, hot, fleshy, feathery, dull, steamy, rubbery, fuzzy, thin, sticky, bumpy, hairy, fragile, damp, crisp, leathery, tender', 'csrfmiddlewaretoken': 'xdQAm4JIWKerMYiTEP450VwuM3S3h4nPE5wJvAEoseZ1QpLQ1UgLyEcYUZzhO07W', 'baseline_choice': False, 'permutation_choice': False}
************************************************************
************************************************************
6dBNxd7
{'contrast_type': 'PU', 'contrast_title': '', 'model_type': 'english1000', 'stimuli_type': 'word_list', 'coordinate_space': 'mni', 'list1_name': 'sight_words', 'list1_text': 'purple', 'list2_name': 'touch_words', 'list2_text': 'lukewarm, mushy, soft, sharp, tepid, oily, woolly, thick, cool, wet, silky, velvety, gritty, icy, spongy, smooth, rough, sandy, cold, slippery, warm, waxy, furry, dry, hot, fleshy, feathery, dull, steamy, rubbery, fuzzy, thin, sticky, bumpy, hairy, fragile, damp, crisp, leathery, tender', 'csrfmiddlewaretoken': 'xdQAm4JIWKerMYiTEP450VwuM3S3h4nPE5wJvAEoseZ1QpLQ1UgLyEcYUZzhO07W', 'baseline_choice': False, 'permutation_choice': False}
************************************************************
************************************************************
wdL84dj
{'contrast_type': 'PU', 'contrast_title': '', 'model_type': 'english1000', 'stimuli_type': 'word_list', 'coordinate_space': 'mni', 'list1_name': 'sight_words', 'list1_text': 'massive', 'list2_name': 'touch_words', 'list2_text': 'lukewarm, mushy, soft, sharp, tepid, oily, woolly, thick, cool, wet, silky, velvety, gritty, icy, spongy, smooth, rough, sandy, cold, slippery, warm, waxy, furry, dry, hot, fleshy, feathery, dull, steamy, rubbery, fuzzy, thin, sticky, bumpy, hairy, fragile, damp, crisp, leathery, tender', 'csrfmiddlewaretoken': 'xdQAm4JIWKerMYiTEP450VwuM3S3h4nPE5wJvAEoseZ1QpLQ1UgLyEcYUZzhO07W', 'baseline_choice': False, 'permutation_choice': False}
************************************************************
************************************************************
QbYWpez
{'contrast_type': 'PU', 'contrast_title': '', 'model_type': 'english1000', 'stimuli_type': 'word_list', 'coordinate_space': 'mni', 'list1_name': 'sight_words', 'list1_text': 'fiery', 'list2_name': 'touch_words', 'list2_text': 'lukewarm, mushy, soft, sharp, tepid, oily, woolly, thick, cool, wet, silky, velvety, gritty, icy, spongy, smooth, rough, sandy, cold, slippery, warm, waxy, furry, dry, hot, fleshy, feathery, dull, steamy, rubbery, fuzzy, thin, sticky, bumpy, hairy, fragile, damp, crisp, leathery, tender', 'csrfmiddlewaretoken': 'xdQAm4JIWKerMYiTEP450VwuM3S3h4nPE5wJvAEoseZ1QpLQ1UgLyEcYUZzhO07W', 'baseline_choice': False, 'permutation_choice': False}
************************************************************
************************************************************
PdyrWeQ
{'contrast_type': 'PU', 'contrast_title': '', 'model_type': 'english1000', 'stimuli_type': 'word_list', 'coordinate_space': 'mni', 'list1_name': 'sight_words', 'list1_text': 'lean', 'list2_name': 'touch_words', 'list2_text': 'lukewarm, mushy, soft, sharp, tepid, oily, woolly, thick, cool, wet, silky, velvety, gritty, icy, spongy, smooth, rough, sandy, cold, slippery, warm, waxy, furry, dry, hot, fleshy, feathery, dull, steamy, rubbery, fuzzy, thin, sticky, bumpy, hairy, fragile, damp, crisp, leathery, tender', 'csrfmiddlewaretoken': 'xdQAm4JIWKerMYiTEP450VwuM3S3h4nPE5wJvAEoseZ1QpLQ1UgLyEcYUZzhO07W', 'baseline_choice': False, 'permutation_choice': False}
************************************************************
************************************************************
9avlVdG
{'contrast_type': 'PU', 'contrast_title': '', 'model_type': 'english1000', 'stimuli_type': 'word_list', 'coordinate_space': 'mni', 'list1_name': 'sight_words', 'list1_text': 'white', 'list2_name': 'touch_words', 'list2_text': 'lukewarm, mushy, soft, sharp, tepid, oily, woolly, thick, cool, wet, silky, velvety, gritty, icy, spongy, smooth, rough, sandy, cold, slippery, warm, waxy, furry, dry, hot, fleshy, feathery, dull, steamy, rubbery, fuzzy, thin, sticky, bumpy, hairy, fragile, damp, crisp, leathery, tender', 'csrfmiddlewaretoken': 'xdQAm4JIWKerMYiTEP450VwuM3S3h4nPE5wJvAEoseZ1QpLQ1UgLyEcYUZzhO07W', 'baseline_choice': False, 'permutation_choice': False}
************************************************************
************************************************************
RdG50aD
{'contrast_type': 'PU', 'contrast_title': '', 'model_type': 'english1000', 'stimuli_type': 'word_list', 'coordinate_space': 'mni', 'list1_name': 'sight_words', 'list1_text': 'clear', 'list2_name': 'touch_words', 'list2_text': 'lukewarm, mushy, soft, sharp, tepid, oily, woolly, thick, cool, wet, silky, velvety, gritty, icy, spongy, smooth, rough, sandy, cold, slippery, warm, waxy, furry, dry, hot, fleshy, feathery, dull, steamy, rubbery, fuzzy, thin, sticky, bumpy, hairy, fragile, damp, crisp, leathery, tender', 'csrfmiddlewaretoken': 'xdQAm4JIWKerMYiTEP450VwuM3S3h4nPE5wJvAEoseZ1QpLQ1UgLyEcYUZzhO07W', 'baseline_choice': False, 'permutation_choice': False}
************************************************************
************************************************************
xe71Ab7
{'contrast_type': 'PU', 'contrast_title': '', 'model_type': 'english1000', 'stimuli_type': 'word_list', 'coordinate_space': 'mni', 'list1_name': 'sight_words', 'list1_text': 'green', 'list2_name': 'touch_words', 'list2_text': 'lukewarm, mushy, soft, sharp, tepid, oily, woolly, thick, cool, wet, silky, velvety, gritty, icy, spongy, smooth, rough, sandy, cold, slippery, warm, waxy, furry, dry, hot, fleshy, feathery, dull, steamy, rubbery, fuzzy, thin, sticky, bumpy, hairy, fragile, damp, crisp, leathery, tender', 'csrfmiddlewaretoken': 'xdQAm4JIWKerMYiTEP450VwuM3S3h4nPE5wJvAEoseZ1QpLQ1UgLyEcYUZzhO07W', 'baseline_choice': False, 'permutation_choice': False}
************************************************************
************************************************************
DbD1Bdl
{'contrast_type': 'PU', 'contrast_title': '', 'model_type': 'english1000', 'stimuli_type': 'word_list', 'coordinate_space': 'mni', 'list1_name': 'sight_words', 'list1_text': 'round', 'list2_name': 'touch_words', 'list2_text': 'lukewarm, mushy, soft, sharp, tepid, oily, woolly, thick, cool, wet, silky, velvety, gritty, icy, spongy, smooth, rough, sandy, cold, slippery, warm, waxy, furry, dry, hot, fleshy, feathery, dull, steamy, rubbery, fuzzy, thin, sticky, bumpy, hairy, fragile, damp, crisp, leathery, tender', 'csrfmiddlewaretoken': 'xdQAm4JIWKerMYiTEP450VwuM3S3h4nPE5wJvAEoseZ1QpLQ1UgLyEcYUZzhO07W', 'baseline_choice': False, 'permutation_choice': False}
************************************************************
************************************************************
oeE8Nd0
{'contrast_type': 'PU', 'contrast_title': '', 'model_type': 'english1000', 'stimuli_type': 'word_list', 'coordinate_space': 'mni', 'list1_name': 'sight_words', 'list1_text': 'grimy', 'list2_name': 'touch_words', 'list2_text': 'lukewarm, mushy, soft, sharp, tepid, oily, woolly, thick, cool, wet, silky, velvety, gritty, icy, spongy, smooth, rough, sandy, cold, slippery, warm, waxy, furry, dry, hot, fleshy, feathery, dull, steamy, rubbery, fuzzy, thin, sticky, bumpy, hairy, fragile, damp, crisp, leathery, tender', 'csrfmiddlewaretoken': 'xdQAm4JIWKerMYiTEP450VwuM3S3h4nPE5wJvAEoseZ1QpLQ1UgLyEcYUZzhO07W', 'baseline_choice': False, 'permutation_choice': False}
************************************************************
************************************************************
DbD9ndl
{'contrast_type': 'PU', 'contrast_title': '', 'model_type': 'english1000', 'stimuli_type': 'word_list', 'coordinate_space': 'mni', 'list1_name': 'sight_words', 'list1_text': 'large', 'list2_name': 'touch_words', 'list2_text': 'lukewarm, mushy, soft, sharp, tepid, oily, woolly, thick, cool, wet, silky, velvety, gritty, icy, spongy, smooth, rough, sandy, cold, slippery, warm, waxy, furry, dry, hot, fleshy, feathery, dull, steamy, rubbery, fuzzy, thin, sticky, bumpy, hairy, fragile, damp, crisp, leathery, tender', 'csrfmiddlewaretoken': 'xdQAm4JIWKerMYiTEP450VwuM3S3h4nPE5wJvAEoseZ1QpLQ1UgLyEcYUZzhO07W', 'baseline_choice': False, 'permutation_choice': False}
************************************************************
************************************************************
lejZ5ej
{'contrast_type': 'PU', 'contrast_title': '', 'model_type': 'english1000', 'stimuli_type': 'word_list', 'coordinate_space': 'mni', 'list1_name': 'sight_words', 'list1_text': 'pale', 'list2_name': 'touch_words', 'list2_text': 'lukewarm, mushy, soft, sharp, tepid, oily, woolly, thick, cool, wet, silky, velvety, gritty, icy, spongy, smooth, rough, sandy, cold, slippery, warm, waxy, furry, dry, hot, fleshy, feathery, dull, steamy, rubbery, fuzzy, thin, sticky, bumpy, hairy, fragile, damp, crisp, leathery, tender', 'csrfmiddlewaretoken': 'xdQAm4JIWKerMYiTEP450VwuM3S3h4nPE5wJvAEoseZ1QpLQ1UgLyEcYUZzhO07W', 'baseline_choice': False, 'permutation_choice': False}
************************************************************
************************************************************
BeXomdy
{'contrast_type': 'PU', 'contrast_title': '', 'model_type': 'english1000', 'stimuli_type': 'word_list', 'coordinate_space': 'mni', 'list1_name': 'sight_words', 'list1_text': 'wiry', 'list2_name': 'touch_words', 'list2_text': 'lukewarm, mushy, soft, sharp, tepid, oily, woolly, thick, cool, wet, silky, velvety, gritty, icy, spongy, smooth, rough, sandy, cold, slippery, warm, waxy, furry, dry, hot, fleshy, feathery, dull, steamy, rubbery, fuzzy, thin, sticky, bumpy, hairy, fragile, damp, crisp, leathery, tender', 'csrfmiddlewaretoken': 'xdQAm4JIWKerMYiTEP450VwuM3S3h4nPE5wJvAEoseZ1QpLQ1UgLyEcYUZzhO07W', 'baseline_choice': False, 'permutation_choice': False}
************************************************************
************************************************************
vbmOpeY
{'contrast_type': 'PU', 'contrast_title': '', 'model_type': 'english1000', 'stimuli_type': 'word_list', 'coordinate_space': 'mni', 'list1_name': 'sight_words', 'list1_text': 'hollow', 'list2_name': 'touch_words', 'list2_text': 'lukewarm, mushy, soft, sharp, tepid, oily, woolly, thick, cool, wet, silky, velvety, gritty, icy, spongy, smooth, rough, sandy, cold, slippery, warm, waxy, furry, dry, hot, fleshy, feathery, dull, steamy, rubbery, fuzzy, thin, sticky, bumpy, hairy, fragile, damp, crisp, leathery, tender', 'csrfmiddlewaretoken': 'xdQAm4JIWKerMYiTEP450VwuM3S3h4nPE5wJvAEoseZ1QpLQ1UgLyEcYUZzhO07W', 'baseline_choice': False, 'permutation_choice': False}
************************************************************
************************************************************
9aAPzev
{'contrast_type': 'PU', 'contrast_title': '', 'model_type': 'english1000', 'stimuli_type': 'word_list', 'coordinate_space': 'mni', 'list1_name': 'sight_words', 'list1_text': 'mottled', 'list2_name': 'touch_words', 'list2_text': 'lukewarm, mushy, soft, sharp, tepid, oily, woolly, thick, cool, wet, silky, velvety, gritty, icy, spongy, smooth, rough, sandy, cold, slippery, warm, waxy, furry, dry, hot, fleshy, feathery, dull, steamy, rubbery, fuzzy, thin, sticky, bumpy, hairy, fragile, damp, crisp, leathery, tender', 'csrfmiddlewaretoken': 'xdQAm4JIWKerMYiTEP450VwuM3S3h4nPE5wJvAEoseZ1QpLQ1UgLyEcYUZzhO07W', 'baseline_choice': False, 'permutation_choice': False}
************************************************************
************************************************************
RdGvybD
{'contrast_type': 'PU', 'contrast_title': '', 'model_type': 'english1000', 'stimuli_type': 'word_list', 'coordinate_space': 'mni', 'list1_name': 'sight_words', 'list1_text': 'jeweled', 'list2_name': 'touch_words', 'list2_text': 'lukewarm, mushy, soft, sharp, tepid, oily, woolly, thick, cool, wet, silky, velvety, gritty, icy, spongy, smooth, rough, sandy, cold, slippery, warm, waxy, furry, dry, hot, fleshy, feathery, dull, steamy, rubbery, fuzzy, thin, sticky, bumpy, hairy, fragile, damp, crisp, leathery, tender', 'csrfmiddlewaretoken': 'xdQAm4JIWKerMYiTEP450VwuM3S3h4nPE5wJvAEoseZ1QpLQ1UgLyEcYUZzhO07W', 'baseline_choice': False, 'permutation_choice': False}
************************************************************
************************************************************
QdJqobO
{'contrast_type': 'PU', 'contrast_title': '', 'model_type': 'english1000', 'stimuli_type': 'word_list', 'coordinate_space': 'mni', 'list1_name': 'sight_words', 'list1_text': 'fresh', 'list2_name': 'touch_words', 'list2_text': 'lukewarm, mushy, soft, sharp, tepid, oily, woolly, thick, cool, wet, silky, velvety, gritty, icy, spongy, smooth, rough, sandy, cold, slippery, warm, waxy, furry, dry, hot, fleshy, feathery, dull, steamy, rubbery, fuzzy, thin, sticky, bumpy, hairy, fragile, damp, crisp, leathery, tender', 'csrfmiddlewaretoken': 'xdQAm4JIWKerMYiTEP450VwuM3S3h4nPE5wJvAEoseZ1QpLQ1UgLyEcYUZzhO07W', 'baseline_choice': False, 'permutation_choice': False}
************************************************************
************************************************************
NbW7gby
{'contrast_type': 'PU', 'contrast_title': '', 'model_type': 'english1000', 'stimuli_type': 'word_list', 'coordinate_space': 'mni', 'list1_name': 'sight_words', 'list1_text': 'triangular', 'list2_name': 'touch_words', 'list2_text': 'lukewarm, mushy, soft, sharp, tepid, oily, woolly, thick, cool, wet, silky, velvety, gritty, icy, spongy, smooth, rough, sandy, cold, slippery, warm, waxy, furry, dry, hot, fleshy, feathery, dull, steamy, rubbery, fuzzy, thin, sticky, bumpy, hairy, fragile, damp, crisp, leathery, tender', 'csrfmiddlewaretoken': 'xdQAm4JIWKerMYiTEP450VwuM3S3h4nPE5wJvAEoseZ1QpLQ1UgLyEcYUZzhO07W', 'baseline_choice': False, 'permutation_choice': False}
************************************************************
************************************************************
QeZY6dp
{'contrast_type': 'PU', 'contrast_title': '', 'model_type': 'english1000', 'stimuli_type': 'word_list', 'coordinate_space': 'mni', 'list1_name': 'sight_words', 'list1_text': 'transparent', 'list2_name': 'touch_words', 'list2_text': 'lukewarm, mushy, soft, sharp, tepid, oily, woolly, thick, cool, wet, silky, velvety, gritty, icy, spongy, smooth, rough, sandy, cold, slippery, warm, waxy, furry, dry, hot, fleshy, feathery, dull, steamy, rubbery, fuzzy, thin, sticky, bumpy, hairy, fragile, damp, crisp, leathery, tender', 'csrfmiddlewaretoken': 'xdQAm4JIWKerMYiTEP450VwuM3S3h4nPE5wJvAEoseZ1QpLQ1UgLyEcYUZzhO07W', 'baseline_choice': False, 'permutation_choice': False}
************************************************************
************************************************************
9b6X9eE
{'contrast_type': 'PU', 'contrast_title': '', 'model_type': 'english1000', 'stimuli_type': 'word_list', 'coordinate_space': 'mni', 'list1_name': 'sight_words', 'list1_text': 'oval', 'list2_name': 'touch_words', 'list2_text': 'lukewarm, mushy, soft, sharp, tepid, oily, woolly, thick, cool, wet, silky, velvety, gritty, icy, spongy, smooth, rough, sandy, cold, slippery, warm, waxy, furry, dry, hot, fleshy, feathery, dull, steamy, rubbery, fuzzy, thin, sticky, bumpy, hairy, fragile, damp, crisp, leathery, tender', 'csrfmiddlewaretoken': 'xdQAm4JIWKerMYiTEP450VwuM3S3h4nPE5wJvAEoseZ1QpLQ1UgLyEcYUZzhO07W', 'baseline_choice': False, 'permutation_choice': False}
************************************************************
************************************************************
Pe913eL
{'contrast_type': 'PU', 'contrast_title': '', 'model_type': 'english1000', 'stimuli_type': 'word_list', 'coordinate_space': 'mni', 'list1_name': 'sight_words', 'list1_text': 'long', 'list2_name': 'touch_words', 'list2_text': 'lukewarm, mushy, soft, sharp, tepid, oily, woolly, thick, cool, wet, silky, velvety, gritty, icy, spongy, smooth, rough, sandy, cold, slippery, warm, waxy, furry, dry, hot, fleshy, feathery, dull, steamy, rubbery, fuzzy, thin, sticky, bumpy, hairy, fragile, damp, crisp, leathery, tender', 'csrfmiddlewaretoken': 'xdQAm4JIWKerMYiTEP450VwuM3S3h4nPE5wJvAEoseZ1QpLQ1UgLyEcYUZzhO07W', 'baseline_choice': False, 'permutation_choice': False}
************************************************************
************************************************************
1aMQ3aW
{'contrast_type': 'PU', 'contrast_title': '', 'model_type': 'english1000', 'stimuli_type': 'word_list', 'coordinate_space': 'mni', 'list1_name': 'sight_words', 'list1_text': 'turquoise', 'list2_name': 'touch_words', 'list2_text': 'lukewarm, mushy, soft, sharp, tepid, oily, woolly, thick, cool, wet, silky, velvety, gritty, icy, spongy, smooth, rough, sandy, cold, slippery, warm, waxy, furry, dry, hot, fleshy, feathery, dull, steamy, rubbery, fuzzy, thin, sticky, bumpy, hairy, fragile, damp, crisp, leathery, tender', 'csrfmiddlewaretoken': 'xdQAm4JIWKerMYiTEP450VwuM3S3h4nPE5wJvAEoseZ1QpLQ1UgLyEcYUZzhO07W', 'baseline_choice': False, 'permutation_choice': False}
************************************************************
************************************************************
rb2xveW
{'contrast_type': 'PU', 'contrast_title': '', 'model_type': 'english1000', 'stimuli_type': 'word_list', 'coordinate_space': 'mni', 'list1_name': 'sight_words', 'list1_text': 'perky', 'list2_name': 'touch_words', 'list2_text': 'lukewarm, mushy, soft, sharp, tepid, oily, woolly, thick, cool, wet, silky, velvety, gritty, icy, spongy, smooth, rough, sandy, cold, slippery, warm, waxy, furry, dry, hot, fleshy, feathery, dull, steamy, rubbery, fuzzy, thin, sticky, bumpy, hairy, fragile, damp, crisp, leathery, tender', 'csrfmiddlewaretoken': 'xdQAm4JIWKerMYiTEP450VwuM3S3h4nPE5wJvAEoseZ1QpLQ1UgLyEcYUZzhO07W', 'baseline_choice': False, 'permutation_choice': False}
************************************************************
************************************************************
vbmO0eY
{'contrast_type': 'PU', 'contrast_title': '', 'model_type': 'english1000', 'stimuli_type': 'word_list', 'coordinate_space': 'mni', 'list1_name': 'sight_words', 'list1_text': 'bright', 'list2_name': 'touch_words', 'list2_text': 'lukewarm, mushy, soft, sharp, tepid, oily, woolly, thick, cool, wet, silky, velvety, gritty, icy, spongy, smooth, rough, sandy, cold, slippery, warm, waxy, furry, dry, hot, fleshy, feathery, dull, steamy, rubbery, fuzzy, thin, sticky, bumpy, hairy, fragile, damp, crisp, leathery, tender', 'csrfmiddlewaretoken': 'xdQAm4JIWKerMYiTEP450VwuM3S3h4nPE5wJvAEoseZ1QpLQ1UgLyEcYUZzhO07W', 'baseline_choice': False, 'permutation_choice': False}
************************************************************
************************************************************
QdJ8DaO
{'contrast_type': 'PU', 'contrast_title': '', 'model_type': 'english1000', 'stimuli_type': 'word_list', 'coordinate_space': 'mni', 'list1_name': 'sight_words', 'list1_text': 'robust', 'list2_name': 'touch_words', 'list2_text': 'lukewarm, mushy, soft, sharp, tepid, oily, woolly, thick, cool, wet, silky, velvety, gritty, icy, spongy, smooth, rough, sandy, cold, slippery, warm, waxy, furry, dry, hot, fleshy, feathery, dull, steamy, rubbery, fuzzy, thin, sticky, bumpy, hairy, fragile, damp, crisp, leathery, tender', 'csrfmiddlewaretoken': 'xdQAm4JIWKerMYiTEP450VwuM3S3h4nPE5wJvAEoseZ1QpLQ1UgLyEcYUZzhO07W', 'baseline_choice': False, 'permutation_choice': False}
************************************************************
************************************************************
oeE9ke0
{'contrast_type': 'PU', 'contrast_title': '', 'model_type': 'english1000', 'stimuli_type': 'word_list', 'coordinate_space': 'mni', 'list1_name': 'sight_words', 'list1_text': 'tapered', 'list2_name': 'touch_words', 'list2_text': 'lukewarm, mushy, soft, sharp, tepid, oily, woolly, thick, cool, wet, silky, velvety, gritty, icy, spongy, smooth, rough, sandy, cold, slippery, warm, waxy, furry, dry, hot, fleshy, feathery, dull, steamy, rubbery, fuzzy, thin, sticky, bumpy, hairy, fragile, damp, crisp, leathery, tender', 'csrfmiddlewaretoken': 'xdQAm4JIWKerMYiTEP450VwuM3S3h4nPE5wJvAEoseZ1QpLQ1UgLyEcYUZzhO07W', 'baseline_choice': False, 'permutation_choice': False}
************************************************************
************************************************************
7e5QRe2
{'contrast_type': 'PU', 'contrast_title': '', 'model_type': 'english1000', 'stimuli_type': 'word_list', 'coordinate_space': 'mni', 'list1_name': 'sight_words', 'list1_text': 'colorless', 'list2_name': 'touch_words', 'list2_text': 'lukewarm, mushy, soft, sharp, tepid, oily, woolly, thick, cool, wet, silky, velvety, gritty, icy, spongy, smooth, rough, sandy, cold, slippery, warm, waxy, furry, dry, hot, fleshy, feathery, dull, steamy, rubbery, fuzzy, thin, sticky, bumpy, hairy, fragile, damp, crisp, leathery, tender', 'csrfmiddlewaretoken': 'xdQAm4JIWKerMYiTEP450VwuM3S3h4nPE5wJvAEoseZ1QpLQ1UgLyEcYUZzhO07W', 'baseline_choice': False, 'permutation_choice': False}
************************************************************
************************************************************
1aK8rbQ
{'contrast_type': 'PU', 'contrast_title': '', 'model_type': 'english1000', 'stimuli_type': 'word_list', 'coordinate_space': 'mni', 'list1_name': 'sight_words', 'list1_text': 'spotted', 'list2_name': 'touch_words', 'list2_text': 'lukewarm, mushy, soft, sharp, tepid, oily, woolly, thick, cool, wet, silky, velvety, gritty, icy, spongy, smooth, rough, sandy, cold, slippery, warm, waxy, furry, dry, hot, fleshy, feathery, dull, steamy, rubbery, fuzzy, thin, sticky, bumpy, hairy, fragile, damp, crisp, leathery, tender', 'csrfmiddlewaretoken': 'xdQAm4JIWKerMYiTEP450VwuM3S3h4nPE5wJvAEoseZ1QpLQ1UgLyEcYUZzhO07W', 'baseline_choice': False, 'permutation_choice': False}
************************************************************
************************************************************
wdLZgaj
{'contrast_type': 'PU', 'contrast_title': '', 'model_type': 'english1000', 'stimuli_type': 'word_list', 'coordinate_space': 'mni', 'list1_name': 'sight_words', 'list1_text': 'olive', 'list2_name': 'touch_words', 'list2_text': 'lukewarm, mushy, soft, sharp, tepid, oily, woolly, thick, cool, wet, silky, velvety, gritty, icy, spongy, smooth, rough, sandy, cold, slippery, warm, waxy, furry, dry, hot, fleshy, feathery, dull, steamy, rubbery, fuzzy, thin, sticky, bumpy, hairy, fragile, damp, crisp, leathery, tender', 'csrfmiddlewaretoken': 'xdQAm4JIWKerMYiTEP450VwuM3S3h4nPE5wJvAEoseZ1QpLQ1UgLyEcYUZzhO07W', 'baseline_choice': False, 'permutation_choice': False}
************************************************************
************************************************************
1aMZQbW
{'contrast_type': 'PU', 'contrast_title': '', 'model_type': 'english1000', 'stimuli_type': 'word_list', 'coordinate_space': 'mni', 'list1_name': 'sight_words', 'list1_text': 'immense', 'list2_name': 'touch_words', 'list2_text': 'lukewarm, mushy, soft, sharp, tepid, oily, woolly, thick, cool, wet, silky, velvety, gritty, icy, spongy, smooth, rough, sandy, cold, slippery, warm, waxy, furry, dry, hot, fleshy, feathery, dull, steamy, rubbery, fuzzy, thin, sticky, bumpy, hairy, fragile, damp, crisp, leathery, tender', 'csrfmiddlewaretoken': 'xdQAm4JIWKerMYiTEP450VwuM3S3h4nPE5wJvAEoseZ1QpLQ1UgLyEcYUZzhO07W', 'baseline_choice': False, 'permutation_choice': False}
************************************************************
************************************************************
ZdPZnaK
{'contrast_type': 'PU', 'contrast_title': '', 'model_type': 'english1000', 'stimuli_type': 'word_list', 'coordinate_space': 'mni', 'list1_name': 'sight_words', 'list1_text': 'rectangular', 'list2_name': 'touch_words', 'list2_text': 'lukewarm, mushy, soft, sharp, tepid, oily, woolly, thick, cool, wet, silky, velvety, gritty, icy, spongy, smooth, rough, sandy, cold, slippery, warm, waxy, furry, dry, hot, fleshy, feathery, dull, steamy, rubbery, fuzzy, thin, sticky, bumpy, hairy, fragile, damp, crisp, leathery, tender', 'csrfmiddlewaretoken': 'xdQAm4JIWKerMYiTEP450VwuM3S3h4nPE5wJvAEoseZ1QpLQ1UgLyEcYUZzhO07W', 'baseline_choice': False, 'permutation_choice': False}
************************************************************
************************************************************
0dNOLeL
{'contrast_type': 'PU', 'contrast_title': '', 'model_type': 'english1000', 'stimuli_type': 'word_list', 'coordinate_space': 'mni', 'list1_name': 'sight_words', 'list1_text': 'tall', 'list2_name': 'touch_words', 'list2_text': 'lukewarm, mushy, soft, sharp, tepid, oily, woolly, thick, cool, wet, silky, velvety, gritty, icy, spongy, smooth, rough, sandy, cold, slippery, warm, waxy, furry, dry, hot, fleshy, feathery, dull, steamy, rubbery, fuzzy, thin, sticky, bumpy, hairy, fragile, damp, crisp, leathery, tender', 'csrfmiddlewaretoken': 'xdQAm4JIWKerMYiTEP450VwuM3S3h4nPE5wJvAEoseZ1QpLQ1UgLyEcYUZzhO07W', 'baseline_choice': False, 'permutation_choice': False}
************************************************************
************************************************************
YaOggax
{'contrast_type': 'PU', 'contrast_title': '', 'model_type': 'english1000', 'stimuli_type': 'word_list', 'coordinate_space': 'mni', 'list1_name': 'sight_words', 'list1_text': "['Calcutta', 'Madras', 'Bombay', 'Bangalore', 'New Delhi']", 'list2_name': 'touch_words', 'list2_text': 'lukewarm, mushy, soft, sharp, tepid, oily, woolly, thick, cool, wet, silky, velvety, gritty, icy, spongy, smooth, rough, sandy, cold, slippery, warm, waxy, furry, dry, hot, fleshy, feathery, dull, steamy, rubbery, fuzzy, thin, sticky, bumpy, hairy, fragile, damp, crisp, leathery, tender', 'csrfmiddlewaretoken': 'xdQAm4JIWKerMYiTEP450VwuM3S3h4nPE5wJvAEoseZ1QpLQ1UgLyEcYUZzhO07W', 'baseline_choice': False, 'permutation_choice': False}
************************************************************
************************************************************
ZdPjzaK
{'contrast_type': 'PU', 'contrast_title': '', 'model_type': 'english1000', 'stimuli_type': 'word_list', 'coordinate_space': 'mni', 'list1_name': 'sight_words', 'list1_text': "['Madras', 'Calcutta', 'Bombay', 'Bangalore', 'New Delhi']", 'list2_name': 'touch_words', 'list2_text': 'lukewarm, mushy, soft, sharp, tepid, oily, woolly, thick, cool, wet, silky, velvety, gritty, icy, spongy, smooth, rough, sandy, cold, slippery, warm, waxy, furry, dry, hot, fleshy, feathery, dull, steamy, rubbery, fuzzy, thin, sticky, bumpy, hairy, fragile, damp, crisp, leathery, tender', 'csrfmiddlewaretoken': 'xdQAm4JIWKerMYiTEP450VwuM3S3h4nPE5wJvAEoseZ1QpLQ1UgLyEcYUZzhO07W', 'baseline_choice': False, 'permutation_choice': False}
************************************************************
************************************************************
qaQk7dn
{'contrast_type': 'PU', 'contrast_title': '', 'model_type': 'english1000', 'stimuli_type': 'word_list', 'coordinate_space': 'mni', 'list1_name': 'sight_words', 'list1_text': "['Bombay', 'Calcutta', 'Madras', 'Bangalore', 'New Delhi']", 'list2_name': 'touch_words', 'list2_text': 'lukewarm, mushy, soft, sharp, tepid, oily, woolly, thick, cool, wet, silky, velvety, gritty, icy, spongy, smooth, rough, sandy, cold, slippery, warm, waxy, furry, dry, hot, fleshy, feathery, dull, steamy, rubbery, fuzzy, thin, sticky, bumpy, hairy, fragile, damp, crisp, leathery, tender', 'csrfmiddlewaretoken': 'xdQAm4JIWKerMYiTEP450VwuM3S3h4nPE5wJvAEoseZ1QpLQ1UgLyEcYUZzhO07W', 'baseline_choice': False, 'permutation_choice': False}
************************************************************
************************************************************
PdRlLaG
{'contrast_type': 'PU', 'contrast_title': '', 'model_type': 'english1000', 'stimuli_type': 'word_list', 'coordinate_space': 'mni', 'list1_name': 'sight_words', 'list1_text': "['Calcutta', 'Bombay', 'Madras', 'Bangalore', 'New Delhi']", 'list2_name': 'touch_words', 'list2_text': 'lukewarm, mushy, soft, sharp, tepid, oily, woolly, thick, cool, wet, silky, velvety, gritty, icy, spongy, smooth, rough, sandy, cold, slippery, warm, waxy, furry, dry, hot, fleshy, feathery, dull, steamy, rubbery, fuzzy, thin, sticky, bumpy, hairy, fragile, damp, crisp, leathery, tender', 'csrfmiddlewaretoken': 'xdQAm4JIWKerMYiTEP450VwuM3S3h4nPE5wJvAEoseZ1QpLQ1UgLyEcYUZzhO07W', 'baseline_choice': False, 'permutation_choice': False}
************************************************************
************************************************************
5eVv5eE
{'contrast_type': 'PU', 'contrast_title': '', 'model_type': 'english1000', 'stimuli_type': 'word_list', 'coordinate_space': 'mni', 'list1_name': 'sight_words', 'list1_text': "['Madras', 'Bombay', 'Calcutta', 'Bangalore', 'New Delhi']", 'list2_name': 'touch_words', 'list2_text': 'lukewarm, mushy, soft, sharp, tepid, oily, woolly, thick, cool, wet, silky, velvety, gritty, icy, spongy, smooth, rough, sandy, cold, slippery, warm, waxy, furry, dry, hot, fleshy, feathery, dull, steamy, rubbery, fuzzy, thin, sticky, bumpy, hairy, fragile, damp, crisp, leathery, tender', 'csrfmiddlewaretoken': 'xdQAm4JIWKerMYiTEP450VwuM3S3h4nPE5wJvAEoseZ1QpLQ1UgLyEcYUZzhO07W', 'baseline_choice': False, 'permutation_choice': False}
************************************************************
************************************************************
NbWPWdy
{'contrast_type': 'PU', 'contrast_title': '', 'model_type': 'english1000', 'stimuli_type': 'word_list', 'coordinate_space': 'mni', 'list1_name': 'sight_words', 'list1_text': "['Bombay', 'Madras', 'Calcutta', 'Bangalore', 'New Delhi']", 'list2_name': 'touch_words', 'list2_text': 'lukewarm, mushy, soft, sharp, tepid, oily, woolly, thick, cool, wet, silky, velvety, gritty, icy, spongy, smooth, rough, sandy, cold, slippery, warm, waxy, furry, dry, hot, fleshy, feathery, dull, steamy, rubbery, fuzzy, thin, sticky, bumpy, hairy, fragile, damp, crisp, leathery, tender', 'csrfmiddlewaretoken': 'xdQAm4JIWKerMYiTEP450VwuM3S3h4nPE5wJvAEoseZ1QpLQ1UgLyEcYUZzhO07W', 'baseline_choice': False, 'permutation_choice': False}
************************************************************