
************************************************************
7axvrdy
{'contrast_type': 'PU', 'contrast_title': '', 'model_type': 'english1000', 'stimuli_type': 'word_list', 'coordinate_space': 'mni', 'list1_name': 'sight_words', 'list1_text': 'flat', 'list2_name': 'touch_words', 'list2_text': 'lukewarm, mushy, soft, sharp, tepid, oily, woolly, thick, cool, wet, silky, velvety, gritty, icy, spongy, smooth, rough, sandy, cold, slippery, warm, waxy, furry, dry, hot, fleshy, feathery, dull, steamy, rubbery, fuzzy, thin, sticky, bumpy, hairy, fragile, damp, crisp, leathery, tender', 'csrfmiddlewaretoken': 'xdQAm4JIWKerMYiTEP450VwuM3S3h4nPE5wJvAEoseZ1QpLQ1UgLyEcYUZzhO07W', 'baseline_choice': False, 'permutation_choice': False}
************************************************************
************************************************************
PdyrWeQ
{'contrast_type': 'PU', 'contrast_title': '', 'model_type': 'english1000', 'stimuli_type': 'word_list', 'coordinate_space': 'mni', 'list1_name': 'sight_words', 'list1_text': 'lean', 'list2_name': 'touch_words', 'list2_text': 'lukewarm, mushy, soft, sharp, tepid, oily, woolly, thick, cool, wet, silky, velvety, gritty, icy, spongy, smooth, rough, sandy, cold, slippery, warm, waxy, furry, dry, hot, fleshy, feathery, dull, steamy, rubbery, fuzzy, thin, sticky, bumpy, hairy, fragile, damp, crisp, leathery, tender', 'csrfmiddlewaretoken': 'xdQAm4JIWKerMYiTEP450VwuM3S3h4nPE5wJvAEoseZ1QpLQ1UgLyEcYUZzhO07W', 'baseline_choice': False, 'permutation_choice': False}
************************************************************
************************************************************
kazK8bJ
{'contrast_type': 'PU', 'contrast_title': '', 'model_type': 'english1000', 'stimuli_type': 'word_list', 'coordinate_space': 'mni', 'list1_name': 'sight_words', 'list1_text': 'freckled', 'list2_name': 'touch_words', 'list2_text': 'lukewarm, mushy, soft, sharp, tepid, oily, woolly, thick, cool, wet, silky, velvety, gritty, icy, spongy, smooth, rough, sandy, cold, slippery, warm, waxy, furry, dry, hot, fleshy, feathery, dull, steamy, rubbery, fuzzy, thin, sticky, bumpy, hairy, fragile, damp, crisp, leathery, tender', 'csrfmiddlewaretoken': 'xdQAm4JIWKerMYiTEP450VwuM3S3h4nPE5wJvAEoseZ1QpLQ1UgLyEcYUZzhO07W', 'baseline_choice': False, 'permutation_choice': False}
************************************************************
************************************************************
9aAPzev
{'contrast_type': 'PU', 'contrast_title': '', 'model_type': 'english1000', 'stimuli_type': 'word_list', 'coordinate_space': 'mni', 'list1_name': 'sight_words', 'list1_text': 'mottled', 'list2_name': 'touch_words', 'list2_text': 'lukewarm, mushy, soft, sharp, tepid, oily, woolly, thick, cool, wet, silky, velvety, gritty, icy, spongy, smooth, rough, sandy, cold, slippery, warm, waxy, furry, dry, hot, fleshy, feathery, dull, steamy, rubbery, fuzzy, thin, sticky, bumpy, hairy, fragile, damp, crisp, leathery, tender', 'csrfmiddlewaretoken': 'xdQAm4JIWKerMYiTEP450VwuM3S3h4nPE5wJvAEoseZ1QpLQ1UgLyEcYUZzhO07W', 'baseline_choice': False, 'permutation_choice': False}
************************************************************
************************************************************
6dBLJa7
{'contrast_type': 'PU', 'contrast_title': '', 'model_type': 'english1000', 'stimuli_type': 'word_list', 'coordinate_space': 'mni', 'list1_name': 'sight_words', 'list1_text': 'shapeless', 'list2_name': 'touch_words', 'list2_text': 'lukewarm, mushy, soft, sharp, tepid, oily, woolly, thick, cool, wet, silky, velvety, gritty, icy, spongy, smooth, rough, sandy, cold, slippery, warm, waxy, furry, dry, hot, fleshy, feathery, dull, steamy, rubbery, fuzzy, thin, sticky, bumpy, hairy, fragile, damp, crisp, leathery, tender', 'csrfmiddlewaretoken': 'xdQAm4JIWKerMYiTEP450VwuM3S3h4nPE5wJvAEoseZ1QpLQ1UgLyEcYUZzhO07W', 'baseline_choice': False, 'permutation_choice': False}
************************************************************
************************************************************
DbD9ndl
{'contrast_type': 'PU', 'contrast_title': '', 'model_type': 'english1000', 'stimuli_type': 'word_list', 'coordinate_space': 'mni', 'list1_name': 'sight_words', 'list1_text': 'large', 'list2_name': 'touch_words', 'list2_text': 'lukewarm, mushy, soft, sharp, tepid, oily, woolly, thick, cool, wet, silky, velvety, gritty, icy, spongy, smooth, rough, sandy, cold, slippery, warm, waxy, furry, dry, hot, fleshy, feathery, dull, steamy, rubbery, fuzzy, thin, sticky, bumpy, hairy, fragile, damp, crisp, leathery, tender', 'csrfmiddlewaretoken': 'xdQAm4JIWKerMYiTEP450VwuM3S3h4nPE5wJvAEoseZ1QpLQ1UgLyEcYUZzhO07W', 'baseline_choice': False, 'permutation_choice': False}
************************************************************
************************************************************
oeE9ke0
{'contrast_type': 'PU', 'contrast_title': '', 'model_type': 'english1000', 'stimuli_type': 'word_list', 'coordinate_space': 'mni', 'list1_name': 'sight_words', 'list1_text': 'tapered', 'list2_name': 'touch_words', 'list2_text': 'lukewarm, mushy, soft, sharp, tepid, oily, woolly, thick, cool, wet, silky, velvety, gritty, icy, spongy, smooth, rough, sandy, cold, slippery, warm, waxy, furry, dry, hot, fleshy, feathery, dull, steamy, rubbery, fuzzy, thin, sticky, bumpy, hairy, fragile, damp, crisp, leathery, tender', 'csrfmiddlewaretoken': 'xdQAm4JIWKerMYiTEP450VwuM3S3h4nPE5wJvAEoseZ1QpLQ1UgLyEcYUZzhO07W', 'baseline_choice': False, 'permutation_choice': False}
************************************************************
************************************************************
RdG50aD
{'contrast_type': 'PU', 'contrast_title': '', 'model_type': 'english1000', 'stimuli_type': 'word_list', 'coordinate_space': 'mni', 'list1_name': 'sight_words', 'list1_text': 'clear', 'list2_name': 'touch_words', 'list2_text': 'lukewarm, mushy, soft, sharp, tepid, oily, woolly, thick, cool, wet, silky, velvety, gritty, icy, spongy, smooth, rough, sandy, cold, slippery, warm, waxy, furry, dry, hot, fleshy, feathery, dull, steamy, rubbery, fuzzy, thin, sticky, bumpy, hairy, fragile, damp, crisp, leathery, tender', 'csrfmiddlewaretoken': 'xdQAm4JIWKerMYiTEP450VwuM3S3h4nPE5wJvAEoseZ1QpLQ1UgLyEcYUZzhO07W', 'baseline_choice': False, 'permutation_choice': False}
************************************************************
************************************************************
QdJqobO
{'contrast_type': 'PU', 'contrast_title': '', 'model_type': 'english1000', 'stimuli_type': 'word_list', 'coordinate_space': 'mni', 'list1_name': 'sight_words', 'list1_text': 'fresh', 'list2_name': 'touch_words', 'list2_text': 'lukewarm, mushy, soft, sharp, tepid, oily, woolly, thick, cool, wet, silky, velvety, gritty, icy, spongy, smooth, rough, sandy, cold, slippery, warm, waxy, furry, dry, hot, fleshy, feathery, dull, steamy, rubbery, fuzzy, thin, sticky, bumpy, hairy, fragile, damp, crisp, leathery, tender', 'csrfmiddlewaretoken': 'xdQAm4JIWKerMYiTEP450VwuM3S3h4nPE5wJvAEoseZ1QpLQ1UgLyEcYUZzhO07W', 'baseline_choice': False, 'permutation_choice': False}
************************************************************
************************************************************
1aKZneQ
{'contrast_type': 'PU', 'contrast_title': '', 'model_type': 'english1000', 'stimuli_type': 'word_list', 'coordinate_space': 'mni', 'list1_name': 'sight_words', 'list1_text': 'opaque', 'list2_name': 'touch_words', 'list2_text': 'lukewarm, mushy, soft, sharp, tepid, oily, woolly, thick, cool, wet, silky, velvety, gritty, icy, spongy, smooth, rough, sandy, cold, slippery, warm, waxy, furry, dry, hot, fleshy, feathery, dull, steamy, rubbery, fuzzy, thin, sticky, bumpy, hairy, fragile, damp, crisp, leathery, tender', 'csrfmiddlewaretoken': 'xdQAm4JIWKerMYiTEP450VwuM3S3h4nPE5wJvAEoseZ1QpLQ1UgLyEcYUZzhO07W', 'baseline_choice': False, 'permutation_choice': False}
************************************************************
************************************************************
wdL84dj
{'contrast_type': 'PU', 'contrast_title': '', 'model_type': 'english1000', 'stimuli_type': 'word_list', 'coordinate_space': 'mni', 'list1_name': 'sight_words', 'list1_text': 'massive', 'list2_name': 'touch_words', 'list2_text': 'lukewarm, mushy, soft, sharp, tepid, oily, woolly, thick, cool, wet, silky, velvety, gritty, icy, spongy, smooth, rough, sandy, cold, slippery, warm, waxy, furry, dry, hot, fleshy, feathery, dull, steamy, rubbery, fuzzy, thin, sticky, bumpy, hairy, fragile, damp, crisp, leathery, tender', 'csrfmiddlewaretoken': 'xdQAm4JIWKerMYiTEP450VwuM3S3h4nPE5wJvAEoseZ1QpLQ1UgLyEcYUZzhO07W', 'baseline_choice': False, 'permutation_choice': False}
************************************************************
************************************************************
1aMQ3aW
{'contrast_type': 'PU', 'contrast_title': '', 'model_type': 'english1000', 'stimuli_type': 'word_list', 'coordinate_space': 'mni', 'list1_name': 'sight_words', 'list1_text': 'turquoise', 'list2_name': 'touch_words', 'list2_text': 'lukewarm, mushy, soft, sharp, tepid, oily, woolly, thick, cool, wet, silky, velvety, gritty, icy, spongy, smooth, rough, sandy, cold, slippery, warm, waxy, furry, dry, hot, fleshy, feathery, dull, steamy, rubbery, fuzzy, thin, sticky, bumpy, hairy, fragile, damp, crisp, leathery, tender', 'csrfmiddlewaretoken': 'xdQAm4JIWKerMYiTEP450VwuM3S3h4nPE5wJvAEoseZ1QpLQ1UgLyEcYUZzhO07W', 'baseline_choice': False, 'permutation_choice': False}
************************************************************
************************************************************
0dN9zbL
{'contrast_type': 'PU', 'contrast_title': '', 'model_type': 'english1000', 'stimuli_type': 'word_list', 'coordinate_space': 'mni', 'list1_name': 'sight_words', 'list1_text': 'glossy', 'list2_name': 'touch_words', 'list2_text': 'lukewarm, mushy, soft, sharp, tepid, oily, woolly, thick, cool, wet, silky, velvety, gritty, icy, spongy, smooth, rough, sandy, cold, slippery, warm, waxy, furry, dry, hot, fleshy, feathery, dull, steamy, rubbery, fuzzy, thin, sticky, bumpy, hairy, fragile, damp, crisp, leathery, tender', 'csrfmiddlewaretoken': 'xdQAm4JIWKerMYiTEP450VwuM3S3h4nPE5wJvAEoseZ1QpLQ1UgLyEcYUZzhO07W', 'baseline_choice': False, 'permutation_choice': False}
************************************************************
************************************************************
YaOyNdx
{'contrast_type': 'PU', 'contrast_title': '', 'model_type': 'english1000', 'stimuli_type': 'word_list', 'coordinate_space': 'mni', 'list1_name': 'sight_words', 'list1_text': 'blue', 'list2_name': 'touch_words', 'list2_text': 'lukewarm, mushy, soft, sharp, tepid, oily, woolly, thick, cool, wet, silky, velvety, gritty, icy, spongy, smooth, rough, sandy, cold, slippery, warm, waxy, furry, dry, hot, fleshy, feathery, dull, steamy, rubbery, fuzzy, thin, sticky, bumpy, hairy, fragile, damp, crisp, leathery, tender', 'csrfmiddlewaretoken': 'xdQAm4JIWKerMYiTEP450VwuM3S3h4nPE5wJvAEoseZ1QpLQ1UgLyEcYUZzhO07W', 'baseline_choice': False, 'permutation_choice': False}
************************************************************
************************************************************
ZdPZnaK
{'contrast_type': 'PU', 'contrast_title': '', 'model_type': 'english1000', 'stimuli_type': 'word_list', 'coordinate_space': 'mni', 'list1_name': 'sight_words', 'list1_text': 'rectangular', 'list2_name': 'touch_words', 'list2_text': 'lukewarm, mushy, soft, sharp, tepid, oily, woolly, thick, cool, wet, silky, velvety, gritty, icy, spongy, smooth, rough, sandy, cold, slippery, warm, waxy, furry, dry, hot, fleshy, feathery, dull, steamy, rubbery, fuzzy, thin, sticky, bumpy, hairy, fragile, damp, crisp, leathery, tender', 'csrfmiddlewaretoken': 'xdQAm4JIWKerMYiTEP450VwuM3S3h4nPE5wJvAEoseZ1QpLQ1UgLyEcYUZzhO07W', 'baseline_choice': False, 'permutation_choice': False}
************************************************************
************************************************************
qaQ0Yen
{'contrast_type': 'PU', 'contrast_title': '', 'model_type': 'english1000', 'stimuli_type': 'word_list', 'coordinate_space': 'mni', 'list1_name': 'sight_words', 'list1_text': 'wavy', 'list2_name': 'touch_words', 'list2_text': 'lukewarm, mushy, soft, sharp, tepid, oily, woolly, thick, cool, wet, silky, velvety, gritty, icy, spongy, smooth, rough, sandy, cold, slippery, warm, waxy, furry, dry, hot, fleshy, feathery, dull, steamy, rubbery, fuzzy, thin, sticky, bumpy, hairy, fragile, damp, crisp, leathery, tender', 'csrfmiddlewaretoken': 'xdQAm4JIWKerMYiTEP450VwuM3S3h4nPE5wJvAEoseZ1QpLQ1UgLyEcYUZzhO07W', 'baseline_choice': False, 'permutation_choice': False}
************************************************************
************************************************************
PdRoReG
{'contrast_type': 'PU', 'contrast_title': '', 'model_type': 'english1000', 'stimuli_type': 'word_list', 'coordinate_space': 'mni', 'list1_name': 'sight_words', 'list1_text': 'wrinkled', 'list2_name': 'touch_words', 'list2_text': 'lukewarm, mushy, soft, sharp, tepid, oily, woolly, thick, cool, wet, silky, velvety, gritty, icy, spongy, smooth, rough, sandy, cold, slippery, warm, waxy, furry, dry, hot, fleshy, feathery, dull, steamy, rubbery, fuzzy, thin, sticky, bumpy, hairy, fragile, damp, crisp, leathery, tender', 'csrfmiddlewaretoken': 'xdQAm4JIWKerMYiTEP450VwuM3S3h4nPE5wJvAEoseZ1QpLQ1UgLyEcYUZzhO07W', 'baseline_choice': False, 'permutation_choice': False}
************************************************************
************************************************************
5eVP1bE
{'contrast_type': 'PU', 'contrast_title': '', 'model_type': 'english1000', 'stimuli_type': 'word_list', 'coordinate_space': 'mni', 'list1_name': 'sight_words', 'list1_text': 'flowery', 'list2_name': 'touch_words', 'list2_text': 'lukewarm, mushy, soft, sharp, tepid, oily, woolly, thick, cool, wet, silky, velvety, gritty, icy, spongy, smooth, rough, sandy, cold, slippery, warm, waxy, furry, dry, hot, fleshy, feathery, dull, steamy, rubbery, fuzzy, thin, sticky, bumpy, hairy, fragile, damp, crisp, leathery, tender', 'csrfmiddlewaretoken': 'xdQAm4JIWKerMYiTEP450VwuM3S3h4nPE5wJvAEoseZ1QpLQ1UgLyEcYUZzhO07W', 'baseline_choice': False, 'permutation_choice': False}
************************************************************
************************************************************
NbW7gby
{'contrast_type': 'PU', 'contrast_title': '', 'model_type': 'english1000', 'stimuli_type': 'word_list', 'coordinate_space': 'mni', 'list1_name': 'sight_words', 'list1_text': 'triangular', 'list2_name': 'touch_words', 'list2_text': 'lukewarm, mushy, soft, sharp, tepid, oily, woolly, thick, cool, wet, silky, velvety, gritty, icy, spongy, smooth, rough, sandy, cold, slippery, warm, waxy, furry, dry, hot, fleshy, feathery, dull, steamy, rubbery, fuzzy, thin, sticky, bumpy, hairy, fragile, damp, crisp, leathery, tender', 'csrfmiddlewaretoken': 'xdQAm4JIWKerMYiTEP450VwuM3S3h4nPE5wJvAEoseZ1QpLQ1UgLyEcYUZzhO07W', 'baseline_choice': False, 'permutation_choice': False}
************************************************************
************************************************************
BeXomdy
{'contrast_type': 'PU', 'contrast_title': '', 'model_type': 'english1000', 'stimuli_type': 'word_list', 'coordinate_space': 'mni', 'list1_name': 'sight_words', 'list1_text': 'wiry', 'list2_name': 'touch_words', 'list2_text': 'lukewarm, mushy, soft, sharp, tepid, oily, woolly, thick, cool, wet, silky, velvety, gritty, icy, spongy, smooth, rough, sandy, cold, slippery, warm, waxy, furry, dry, hot, fleshy, feathery, dull, steamy, rubbery, fuzzy, thin, sticky, bumpy, hairy, fragile, damp, crisp, leathery, tender', 'csrfmiddlewaretoken': 'xdQAm4JIWKerMYiTEP450VwuM3S3h4nPE5wJvAEoseZ1QpLQ1UgLyEcYUZzhO07W', 'baseline_choice': False, 'permutation_choice': False}
************************************************************
************************************************************
QbYWpez
{'contrast_type': 'PU', 'contrast_title': '', 'model_type': 'english1000', 'stimuli_type': 'word_list', 'coordinate_space': 'mni', 'list1_name': 'sight_words', 'list1_text': 'fiery', 'list2_name': 'touch_words', 'list2_text': 'lukewarm, mushy, soft, sharp, tepid, oily, woolly, thick, cool, wet, silky, velvety, gritty, icy, spongy, smooth, rough, sandy, cold, slippery, warm, waxy, furry, dry, hot, fleshy, feathery, dull, steamy, rubbery, fuzzy, thin, sticky, bumpy, hairy, fragile, damp, crisp, leathery, tender', 'csrfmiddlewaretoken': 'xdQAm4JIWKerMYiTEP450VwuM3S3h4nPE5wJvAEoseZ1QpLQ1UgLyEcYUZzhO07W', 'baseline_choice': False, 'permutation_choice': False}
************************************************************
************************************************************
QeZY6dp
{'contrast_type': 'PU', 'contrast_title': '', 'model_type': 'english1000', 'stimuli_type': 'word_list', 'coordinate_space': 'mni', 'list1_name': 'sight_words', 'list1_text': 'transparent', 'list2_name': 'touch_words', 'list2_text': 'lukewarm, mushy, soft, sharp, tepid, oily, woolly, thick, cool, wet, silky, velvety, gritty, icy, spongy, smooth, rough, sandy, cold, slippery, warm, waxy, furry, dry, hot, fleshy, feathery, dull, steamy, rubbery, fuzzy, thin, sticky, bumpy, hairy, fragile, damp, crisp, leathery, tender', 'csrfmiddlewaretoken': 'xdQAm4JIWKerMYiTEP450VwuM3S3h4nPE5wJvAEoseZ1QpLQ1UgLyEcYUZzhO07W', 'baseline_choice': False, 'permutation_choice': False}
************************************************************
************************************************************
Qe1WjbJ
{'contrast_type': 'PU', 'contrast_title': '', 'model_type': 'english1000', 'stimuli_type': 'word_list', 'coordinate_space': 'mni', 'list1_name': 'sight_words', 'list1_text': 'yellow', 'list2_name': 'touch_words', 'list2_text': 'lukewarm, mushy, soft, sharp, tepid, oily, woolly, thick, cool, wet, silky, velvety, gritty, icy, spongy, smooth, rough, sandy, cold, slippery, warm, waxy, furry, dry, hot, fleshy, feathery, dull, steamy, rubbery, fuzzy, thin, sticky, bumpy, hairy, fragile, damp, crisp, leathery, tender', 'csrfmiddlewaretoken': 'xdQAm4JIWKerMYiTEP450VwuM3S3h4nPE5wJvAEoseZ1QpLQ1UgLyEcYUZzhO07W', 'baseline_choice': False, 'permutation_choice': False}
************************************************************
************************************************************
rb2xveW
{'contrast_type': 'PU', 'contrast_title': '', 'model_type': 'english1000', 'stimuli_type': 'word_list', 'coordinate_space': 'mni', 'list1_name': 'sight_words', 'list1_text': 'perky', 'list2_name': 'touch_words', 'list2_text': 'lukewarm, mushy, soft, sharp, tepid, oily, woolly, thick, cool, wet, silky, velvety, gritty, icy, spongy, smooth, rough, sandy, cold, slippery, warm, waxy, furry, dry, hot, fleshy, feathery, dull, steamy, rubbery, fuzzy, thin, sticky, bumpy, hairy, fragile, damp, crisp, leathery, tender', 'csrfmiddlewaretoken': 'xdQAm4JIWKerMYiTEP450VwuM3S3h4nPE5wJvAEoseZ1QpLQ1UgLyEcYUZzhO07W', 'baseline_choice': False, 'permutation_choice': False}
************************************************************
************************************************************
Le3QQb6
{'contrast_type': 'PU', 'contrast_title': '', 'model_type': 'english1000', 'stimuli_type': 'word_list', 'coordinate_space': 'mni', 'list1_name': 'sight_words', 'list1_text': 'ruffled', 'list2_name': 'touch_words', 'list2_text': 'lukewarm, mushy, soft, sharp, tepid, oily, woolly, thick, cool, wet, silky, velvety, gritty, icy, spongy, smooth, rough, sandy, cold, slippery, warm, waxy, furry, dry, hot, fleshy, feathery, dull, steamy, rubbery, fuzzy, thin, sticky, bumpy, hairy, fragile, damp, crisp, leathery, tender', 'csrfmiddlewaretoken': 'xdQAm4JIWKerMYiTEP450VwuM3S3h4nPE5wJvAEoseZ1QpLQ1UgLyEcYUZzhO07W', 'baseline_choice': False, 'permutation_choice': False}
************************************************************
************************************************************
Rb4Q6dB
{'contrast_type': 'PU', 'contrast_title': '', 'model_type': 'english1000', 'stimuli_type': 'word_list', 'coordinate_space': 'mni', 'list1_name': 'sight_words', 'list1_text': 'pink', 'list2_name': 'touch_words', 'list2_text': 'lukewarm, mushy, soft, sharp, tepid, oily, woolly, thick, cool, wet, silky, velvety, gritty, icy, spongy, smooth, rough, sandy, cold, slippery, warm, waxy, furry, dry, hot, fleshy, feathery, dull, steamy, rubbery, fuzzy, thin, sticky, bumpy, hairy, fragile, damp, crisp, leathery, tender', 'csrfmiddlewaretoken': 'xdQAm4JIWKerMYiTEP450VwuM3S3h4nPE5wJvAEoseZ1QpLQ1UgLyEcYUZzhO07W', 'baseline_choice': False, 'permutation_choice': False}
************************************************************
************************************************************
7e5QRe2
{'contrast_type': 'PU', 'contrast_title': '', 'model_type': 'english1000', 'stimuli_type': 'word_list', 'coordinate_space': 'mni', 'list1_name': 'sight_words', 'list1_text': 'colorless', 'list2_name': 'touch_words', 'list2_text': 'lukewarm, mushy, soft, sharp, tepid, oily, woolly, thick, cool, wet, silky, velvety, gritty, icy, spongy, smooth, rough, sandy, cold, slippery, warm, waxy, furry, dry, hot, fleshy, feathery, dull, steamy, rubbery, fuzzy, thin, sticky, bumpy, hairy, fragile, damp, crisp, leathery, tender', 'csrfmiddlewaretoken': 'xdQAm4JIWKerMYiTEP450VwuM3S3h4nPE5wJvAEoseZ1QpLQ1UgLyEcYUZzhO07W', 'baseline_choice': False, 'permutation_choice': False}
************************************************************
************************************************************
9b6X9eE
{'contrast_type': 'PU', 'contrast_title': '', 'model_type': 'english1000', 'stimuli_type': 'word_list', 'coordinate_space': 'mni', 'list1_name': 'sight_words', 'list1_text': 'oval', 'list2_name': 'touch_words', 'list2_text': 'lukewarm, mushy, soft, sharp, tepid, oily, woolly, thick, cool, wet, silky, velvety, gritty, icy, spongy, smooth, rough, sandy, cold, slippery, warm, waxy, furry, dry, hot, fleshy, feathery, dull, steamy, rubbery, fuzzy, thin, sticky, bumpy, hairy, fragile, damp, crisp, leathery, tender', 'csrfmiddlewaretoken': 'xdQAm4JIWKerMYiTEP450VwuM3S3h4nPE5wJvAEoseZ1QpLQ1UgLyEcYUZzhO07W', 'baseline_choice': False, 'permutation_choice': False}
************************************************************
************************************************************
xe71Ab7
{'contrast_type': 'PU', 'contrast_title': '', 'model_type': 'english1000', 'stimuli_type': 'word_list', 'coordinate_space': 'mni', 'list1_name': 'sight_words', 'list1_text': 'green', 'list2_name': 'touch_words', 'list2_text': 'lukewarm, mushy, soft, sharp, tepid, oily, woolly, thick, cool, wet, silky, velvety, gritty, icy, spongy, smooth, rough, sandy, cold, slippery, warm, waxy, furry, dry, hot, fleshy, feathery, dull, steamy, rubbery, fuzzy, thin, sticky, bumpy, hairy, fragile, damp, crisp, leathery, tender', 'csrfmiddlewaretoken': 'xdQAm4JIWKerMYiTEP450VwuM3S3h4nPE5wJvAEoseZ1QpLQ1UgLyEcYUZzhO07W', 'baseline_choice': False, 'permutation_choice': False}
************************************************************
************************************************************
yb81odv
{'contrast_type': 'PU', 'contrast_title': '', 'model_type': 'english1000', 'stimuli_type': 'word_list', 'coordinate_space': 'mni', 'list1_name': 'sight_words', 'list1_text': 'narrow', 'list2_name': 'touch_words', 'list2_text': 'lukewarm, mushy, soft, sharp, tepid, oily, woolly, thick, cool, wet, silky, velvety, gritty, icy, spongy, smooth, rough, sandy, cold, slippery, warm, waxy, furry, dry, hot, fleshy, feathery, dull, steamy, rubbery, fuzzy, thin, sticky, bumpy, hairy, fragile, damp, crisp, leathery, tender', 'csrfmiddlewaretoken': 'xdQAm4JIWKerMYiTEP450VwuM3S3h4nPE5wJvAEoseZ1QpLQ1UgLyEcYUZzhO07W', 'baseline_choice': False, 'permutation_choice': False}
************************************************************
************************************************************
Pe913eL
{'contrast_type': 'PU', 'contrast_title': '', 'model_type': 'english1000', 'stimuli_type': 'word_list', 'coordinate_space': 'mni', 'list1_name': 'sight_words', 'list1_text': 'long', 'list2_name': 'touch_words', 'list2_text': 'lukewarm, mushy, soft, sharp, tepid, oily, woolly, thick, cool, wet, silky, velvety, gritty, icy, spongy, smooth, rough, sandy, cold, slippery, warm, waxy, furry, dry, hot, fleshy, feathery, dull, steamy, rubbery, fuzzy, thin, sticky, bumpy, hairy, fragile, damp, crisp, leathery, tender', 'csrfmiddlewaretoken': 'xdQAm4JIWKerMYiTEP450VwuM3S3h4nPE5wJvAEoseZ1QpLQ1UgLyEcYUZzhO07W', 'baseline_choice': False, 'permutation_choice': False}
************************************************************
************************************************************
Xe0YXax
{'contrast_type': 'PU', 'contrast_title': '', 'model_type': 'english1000', 'stimuli_type': 'word_list', 'coordinate_space': 'mni', 'list1_name': 'sight_words', 'list1_text': 'shadowy', 'list2_name': 'touch_words', 'list2_text': 'lukewarm, mushy, soft, sharp, tepid, oily, woolly, thick, cool, wet, silky, velvety, gritty, icy, spongy, smooth, rough, sandy, cold, slippery, warm, waxy, furry, dry, hot, fleshy, feathery, dull, steamy, rubbery, fuzzy, thin, sticky, bumpy, hairy, fragile, damp, crisp, leathery, tender', 'csrfmiddlewaretoken': 'xdQAm4JIWKerMYiTEP450VwuM3S3h4nPE5wJvAEoseZ1QpLQ1UgLyEcYUZzhO07W', 'baseline_choice': False, 'permutation_choice': False}
************************************************************
************************************************************
negZ6dw
{'contrast_type': 'PU', 'contrast_title': '', 'model_type': 'english1000', 'stimuli_type': 'word_list', 'coordinate_space': 'mni', 'list1_name': 'sight_words', 'list1_text': 'sheer', 'list2_name': 'touch_words', 'list2_text': 'lukewarm, mushy, soft, sharp, tepid, oily, woolly, thick, cool, wet, silky, velvety, gritty, icy, spongy, smooth, rough, sandy, cold, slippery, warm, waxy, furry, dry, hot, fleshy, feathery, dull, steamy, rubbery, fuzzy, thin, sticky, bumpy, hairy, fragile, damp, crisp, leathery, tender', 'csrfmiddlewaretoken': 'xdQAm4JIWKerMYiTEP450VwuM3S3h4nPE5wJvAEoseZ1QpLQ1UgLyEcYUZzhO07W', 'baseline_choice': False, 'permutation_choice': False}
************************************************************
************************************************************
lejZ5ej
{'contrast_type': 'PU', 'contrast_title': '', 'model_type': 'english1000', 'stimuli_type': 'word_list', 'coordinate_space': 'mni', 'list1_name': 'sight_words', 'list1_text': 'pale', 'list2_name': 'touch_words', 'list2_text': 'lukewarm, mushy, soft, sharp, tepid, oily, woolly, thick, cool, wet, silky, velvety, gritty, icy, spongy, smooth, rough, sandy, cold, slippery, warm, waxy, furry, dry, hot, fleshy, feathery, dull, steamy, rubbery, fuzzy, thin, sticky, bumpy, hairy, fragile, damp, crisp, leathery, tender', 'csrfmiddlewaretoken': 'xdQAm4JIWKerMYiTEP450VwuM3S3h4nPE5wJvAEoseZ1QpLQ1UgLyEcYUZzhO07W', 'baseline_choice': False, 'permutation_choice': False}
************************************************************
************************************************************
mbk8Xdz
{'contrast_type': 'PU', 'contrast_title': '', 'model_type': 'english1000', 'stimuli_type': 'word_list', 'coordinate_space': 'mni', 'list1_name': 'sight_words', 'list1_text': 'muddy', 'list2_name': 'touch_words', 'list2_text': 'lukewarm, mushy, soft, sharp, tepid, oily, woolly, thick, cool, wet, silky, velvety, gritty, icy, spongy, smooth, rough, sandy, cold, slippery, warm, waxy, furry, dry, hot, fleshy, feathery, dull, steamy, rubbery, fuzzy, thin, sticky, bumpy, hairy, fragile, damp, crisp, leathery, tender', 'csrfmiddlewaretoken': 'xdQAm4JIWKerMYiTEP450VwuM3S3h4nPE5wJvAEoseZ1QpLQ1UgLyEcYUZzhO07W', 'baseline_choice': False, 'permutation_choice': False}
************************************************************
************************************************************
nelx6eK
{'contrast_type': 'PU', 'contrast_title': '', 'model_type': 'english1000', 'stimuli_type': 'word_list', 'coordinate_space': 'mni', 'list1_name': 'sight_words', 'list1_text': 'azure', 'list2_name': 'touch_words', 'list2_text': 'lukewarm, mushy, soft, sharp, tepid, oily, woolly, thick, cool, wet, silky, velvety, gritty, icy, spongy, smooth, rough, sandy, cold, slippery, warm, waxy, furry, dry, hot, fleshy, feathery, dull, steamy, rubbery, fuzzy, thin, sticky, bumpy, hairy, fragile, damp, crisp, leathery, tender', 'csrfmiddlewaretoken': 'xdQAm4JIWKerMYiTEP450VwuM3S3h4nPE5wJvAEoseZ1QpLQ1UgLyEcYUZzhO07W', 'baseline_choice': False, 'permutation_choice': False}
************************************************************
************************************************************
vbmO0eY
{'contrast_type': 'PU', 'contrast_title': '', 'model_type': 'english1000', 'stimuli_type': 'word_list', 'coordinate_space': 'mni', 'list1_name': 'sight_words', 'list1_text': 'bright', 'list2_name': 'touch_words', 'list2_text': 'lukewarm, mushy, soft, sharp, tepid, oily, woolly, thick, cool, wet, silky, velvety, gritty, icy, spongy, smooth, rough, sandy, cold, slippery, warm, waxy, furry, dry, hot, fleshy, feathery, dull, steamy, rubbery, fuzzy, thin, sticky, bumpy, hairy, fragile, damp, crisp, leathery, tender', 'csrfmiddlewaretoken': 'xdQAm4JIWKerMYiTEP450VwuM3S3h4nPE5wJvAEoseZ1QpLQ1UgLyEcYUZzhO07W', 'baseline_choice': False, 'permutation_choice': False}
************************************************************
************************************************************
penxlb7
{'contrast_type': 'PU', 'contrast_title': '', 'model_type': 'english1000', 'stimuli_type': 'word_list', 'coordinate_space': 'mni', 'list1_name': 'sight_words', 'list1_text': 'drab', 'list2_name': 'touch_words', 'list2_text': 'lukewarm, mushy, soft, sharp, tepid, oily, woolly, thick, cool, wet, silky, velvety, gritty, icy, spongy, smooth, rough, sandy, cold, slippery, warm, waxy, furry, dry, hot, fleshy, feathery, dull, steamy, rubbery, fuzzy, thin, sticky, bumpy, hairy, fragile, damp, crisp, leathery, tender', 'csrfmiddlewaretoken': 'xdQAm4JIWKerMYiTEP450VwuM3S3h4nPE5wJvAEoseZ1QpLQ1UgLyEcYUZzhO07W', 'baseline_choice': False, 'permutation_choice': False}
************************************************************
************************************************************
xboVKag
{'contrast_type': 'PU', 'contrast_title': '', 'model_type': 'english1000', 'stimuli_type': 'word_list', 'coordinate_space': 'mni', 'list1_name': 'sight_words', 'list1_text': 'small', 'list2_name': 'touch_words', 'list2_text': 'lukewarm, mushy, soft, sharp, tepid, oily, woolly, thick, cool, wet, silky, velvety, gritty, icy, spongy, smooth, rough, sandy, cold, slippery, warm, waxy, furry, dry, hot, fleshy, feathery, dull, steamy, rubbery, fuzzy, thin, sticky, bumpy, hairy, fragile, damp, crisp, leathery, tender', 'csrfmiddlewaretoken': 'xdQAm4JIWKerMYiTEP450VwuM3S3h4nPE5wJvAEoseZ1QpLQ1UgLyEcYUZzhO07W', 'baseline_choice': False, 'permutation_choice': False}
************************************************************
************************************************************
mep86eM
{'contrast_type': 'PU', 'contrast_title': '', 'model_type': 'english1000', 'stimuli_type': 'word_list', 'coordinate_space': 'mni', 'list1_name': 'sight_words', 'list1_text': 'muscular', 'list2_name': 'touch_words', 'list2_text': 'lukewarm, mushy, soft, sharp, tepid, oily, woolly, thick, cool, wet, silky, velvety, gritty, icy, spongy, smooth, rough, sandy, cold, slippery, warm, waxy, furry, dry, hot, fleshy, feathery, dull, steamy, rubbery, fuzzy, thin, sticky, bumpy, hairy, fragile, damp, crisp, leathery, tender', 'csrfmiddlewaretoken': 'xdQAm4JIWKerMYiTEP450VwuM3S3h4nPE5wJvAEoseZ1QpLQ1UgLyEcYUZzhO07W', 'baseline_choice': False, 'permutation_choice': False}
************************************************************
************************************************************
zbq7rep
{'contrast_type': 'PU', 'contrast_title': '', 'model_type': 'english1000', 'stimuli_type': 'word_list', 'coordinate_space': 'mni', 'list1_name': 'sight_words', 'list1_text': 'maroon', 'list2_name': 'touch_words', 'list2_text': 'lukewarm, mushy, soft, sharp, tepid, oily, woolly, thick, cool, wet, silky, velvety, gritty, icy, spongy, smooth, rough, sandy, cold, slippery, warm, waxy, furry, dry, hot, fleshy, feathery, dull, steamy, rubbery, fuzzy, thin, sticky, bumpy, hairy, fragile, damp, crisp, leathery, tender', 'csrfmiddlewaretoken': 'xdQAm4JIWKerMYiTEP450VwuM3S3h4nPE5wJvAEoseZ1QpLQ1UgLyEcYUZzhO07W', 'baseline_choice': False, 'permutation_choice': False}
************************************************************
************************************************************
Yer86bO
{'contrast_type': 'PU', 'contrast_title': '', 'model_type': 'english1000', 'stimuli_type': 'word_list', 'coordinate_space': 'mni', 'list1_name': 'sight_words', 'list1_text': 'crimson', 'list2_name': 'touch_words', 'list2_text': 'lukewarm, mushy, soft, sharp, tepid, oily, woolly, thick, cool, wet, silky, velvety, gritty, icy, spongy, smooth, rough, sandy, cold, slippery, warm, waxy, furry, dry, hot, fleshy, feathery, dull, steamy, rubbery, fuzzy, thin, sticky, bumpy, hairy, fragile, damp, crisp, leathery, tender', 'csrfmiddlewaretoken': 'xdQAm4JIWKerMYiTEP450VwuM3S3h4nPE5wJvAEoseZ1QpLQ1UgLyEcYUZzhO07W', 'baseline_choice': False, 'permutation_choice': False}
************************************************************
************************************************************
9avlrdG
{'contrast_type': 'PU', 'contrast_title': '', 'model_type': 'english1000', 'stimuli_type': 'word_list', 'coordinate_space': 'mni', 'list1_name': 'sight_words', 'list1_text': 'striped', 'list2_name': 'touch_words', 'list2_text': 'lukewarm, mushy, soft, sharp, tepid, oily, woolly, thick, cool, wet, silky, velvety, gritty, icy, spongy, smooth, rough, sandy, cold, slippery, warm, waxy, furry, dry, hot, fleshy, feathery, dull, steamy, rubbery, fuzzy, thin, sticky, bumpy, hairy, fragile, damp, crisp, leathery, tender', 'csrfmiddlewaretoken': 'xdQAm4JIWKerMYiTEP450VwuM3S3h4nPE5wJvAEoseZ1QpLQ1UgLyEcYUZzhO07W', 'baseline_choice': False, 'permutation_choice': False}
************************************************************
************************************************************
DdwVwb1
{'contrast_type': 'PU', 'contrast_title': '', 'model_type': 'english1000', 'stimuli_type': 'word_list', 'coordinate_space': 'mni', 'list1_name': 'sight_words', 'list1_text': 'cluttered', 'list2_name': 'touch_words', 'list2_text': 'lukewarm, mushy, soft, sharp, tepid, oily, woolly, thick, cool, wet, silky, velvety, gritty, icy, spongy, smooth, rough, sandy, cold, slippery, warm, waxy, furry, dry, hot, fleshy, feathery, dull, steamy, rubbery, fuzzy, thin, sticky, bumpy, hairy, fragile, damp, crisp, leathery, tender', 'csrfmiddlewaretoken': 'xdQAm4JIWKerMYiTEP450VwuM3S3h4nPE5wJvAEoseZ1QpLQ1UgLyEcYUZzhO07W', 'baseline_choice': False, 'permutation_choice': False}
************************************************************
************************************************************
negZ9dw
{'contrast_type': 'PU', 'contrast_title': '', 'model_type': 'english1000', 'stimuli_type': 'word_list', 'coordinate_space': 'mni', 'list1_name': 'sight_words', 'list1_text': 'lavender', 'list2_name': 'touch_words', 'list2_text': 'lukewarm, mushy, soft, sharp, tepid, oily, woolly, thick, cool, wet, silky, velvety, gritty, icy, spongy, smooth, rough, sandy, cold, slippery, warm, waxy, furry, dry, hot, fleshy, feathery, dull, steamy, rubbery, fuzzy, thin, sticky, bumpy, hairy, fragile, damp, crisp, leathery, tender', 'csrfmiddlewaretoken': 'xdQAm4JIWKerMYiTEP450VwuM3S3h4nPE5wJvAEoseZ1QpLQ1UgLyEcYUZzhO07W', 'baseline_choice': False, 'permutation_choice': False}
************************************************************
************************************************************
lejZWej
{'contrast_type': 'PU', 'contrast_title': '', 'model_type': 'english1000', 'stimuli_type': 'word_list', 'coordinate_space': 'mni', 'list1_name': 'sight_words', 'list1_text': 'short', 'list2_name': 'touch_words', 'list2_text': 'lukewarm, mushy, soft, sharp, tepid, oily, woolly, thick, cool, wet, silky, velvety, gritty, icy, spongy, smooth, rough, sandy, cold, slippery, warm, waxy, furry, dry, hot, fleshy, feathery, dull, steamy, rubbery, fuzzy, thin, sticky, bumpy, hairy, fragile, damp, crisp, leathery, tender', 'csrfmiddlewaretoken': 'xdQAm4JIWKerMYiTEP450VwuM3S3h4nPE5wJvAEoseZ1QpLQ1UgLyEcYUZzhO07W', 'baseline_choice': False, 'permutation_choice': False}
************************************************************
************************************************************
mbk8xdz
{'contrast_type': 'PU', 'contrast_title': '', 'model_type': 'english1000', 'stimuli_type': 'word_list', 'coordinate_space': 'mni', 'list1_name': 'sight_words', 'list1_text': 'dark', 'list2_name': 'touch_words', 'list2_text': 'lukewarm, mushy, soft, sharp, tepid, oily, woolly, thick, cool, wet, silky, velvety, gritty, icy, spongy, smooth, rough, sandy, cold, slippery, warm, waxy, furry, dry, hot, fleshy, feathery, dull, steamy, rubbery, fuzzy, thin, sticky, bumpy, hairy, fragile, damp, crisp, leathery, tender', 'csrfmiddlewaretoken': 'xdQAm4JIWKerMYiTEP450VwuM3S3h4nPE5wJvAEoseZ1QpLQ1UgLyEcYUZzhO07W', 'baseline_choice': False, 'permutation_choice': False}
************************************************************
************************************************************
nelxleK
{'contrast_type': 'PU', 'contrast_title': '', 'model_type': 'english1000', 'stimuli_type': 'word_list', 'coordinate_space': 'mni', 'list1_name': 'sight_words', 'list1_text': 'ivory', 'list2_name': 'touch_words', 'list2_text': 'lukewarm, mushy, soft, sharp, tepid, oily, woolly, thick, cool, wet, silky, velvety, gritty, icy, spongy, smooth, rough, sandy, cold, slippery, warm, waxy, furry, dry, hot, fleshy, feathery, dull, steamy, rubbery, fuzzy, thin, sticky, bumpy, hairy, fragile, damp, crisp, leathery, tender', 'csrfmiddlewaretoken': 'xdQAm4JIWKerMYiTEP450VwuM3S3h4nPE5wJvAEoseZ1QpLQ1UgLyEcYUZzhO07W', 'baseline_choice': False, 'permutation_choice': False}
************************************************************
************************************************************
vbmOpeY
{'contrast_type': 'PU', 'contrast_title': '', 'model_type': 'english1000', 'stimuli_type': 'word_list', 'coordinate_space': 'mni', 'list1_name': 'sight_words', 'list1_text': 'hollow', 'list2_name': 'touch_words', 'list2_text': 'lukewarm, mushy, soft, sharp, tepid, oily, woolly, thick, cool, wet, silky, velvety, gritty, icy, spongy, smooth, rough, sandy, cold, slippery, warm, waxy, furry, dry, hot, fleshy, feathery, dull, steamy, rubbery, fuzzy, thin, sticky, bumpy, hairy, fragile, damp, crisp, leathery, tender', 'csrfmiddlewaretoken': 'xdQAm4JIWKerMYiTEP450VwuM3S3h4nPE5wJvAEoseZ1QpLQ1UgLyEcYUZzhO07W', 'baseline_choice': False, 'permutation_choice': False}
************************************************************
************************************************************
penx4b7
{'contrast_type': 'PU', 'contrast_title': '', 'model_type': 'english1000', 'stimuli_type': 'word_list', 'coordinate_space': 'mni', 'list1_name': 'sight_words', 'list1_text': 'worn', 'list2_name': 'touch_words', 'list2_text': 'lukewarm, mushy, soft, sharp, tepid, oily, woolly, thick, cool, wet, silky, velvety, gritty, icy, spongy, smooth, rough, sandy, cold, slippery, warm, waxy, furry, dry, hot, fleshy, feathery, dull, steamy, rubbery, fuzzy, thin, sticky, bumpy, hairy, fragile, damp, crisp, leathery, tender', 'csrfmiddlewaretoken': 'xdQAm4JIWKerMYiTEP450VwuM3S3h4nPE5wJvAEoseZ1QpLQ1UgLyEcYUZzhO07W', 'baseline_choice': False, 'permutation_choice': False}
************************************************************
************************************************************
xboVzag
{'contrast_type': 'PU', 'contrast_title': '', 'model_type': 'english1000', 'stimuli_type': 'word_list', 'coordinate_space': 'mni', 'list1_name': 'sight_words', 'list1_text': 'fragile', 'list2_name': 'touch_words', 'list2_text': 'lukewarm, mushy, soft, sharp, tepid, oily, woolly, thick, cool, wet, silky, velvety, gritty, icy, spongy, smooth, rough, sandy, cold, slippery, warm, waxy, furry, dry, hot, fleshy, feathery, dull, steamy, rubbery, fuzzy, thin, sticky, bumpy, hairy, fragile, damp, crisp, leathery, tender', 'csrfmiddlewaretoken': 'xdQAm4JIWKerMYiTEP450VwuM3S3h4nPE5wJvAEoseZ1QpLQ1UgLyEcYUZzhO07W', 'baseline_choice': False, 'permutation_choice': False}
************************************************************
************************************************************
mep81eM
{'contrast_type': 'PU', 'contrast_title': '', 'model_type': 'english1000', 'stimuli_type': 'word_list', 'coordinate_space': 'mni', 'list1_name': 'sight_words', 'list1_text': 'tiny', 'list2_name': 'touch_words', 'list2_text': 'lukewarm, mushy, soft, sharp, tepid, oily, woolly, thick, cool, wet, silky, velvety, gritty, icy, spongy, smooth, rough, sandy, cold, slippery, warm, waxy, furry, dry, hot, fleshy, feathery, dull, steamy, rubbery, fuzzy, thin, sticky, bumpy, hairy, fragile, damp, crisp, leathery, tender', 'csrfmiddlewaretoken': 'xdQAm4JIWKerMYiTEP450VwuM3S3h4nPE5wJvAEoseZ1QpLQ1UgLyEcYUZzhO07W', 'baseline_choice': False, 'permutation_choice': False}
************************************************************
************************************************************
zbq73ep
{'contrast_type': 'PU', 'contrast_title': '', 'model_type': 'english1000', 'stimuli_type': 'word_list', 'coordinate_space': 'mni', 'list1_name': 'sight_words', 'list1_text': 'shimmering', 'list2_name': 'touch_words', 'list2_text': 'lukewarm, mushy, soft, sharp, tepid, oily, woolly, thick, cool, wet, silky, velvety, gritty, icy, spongy, smooth, rough, sandy, cold, slippery, warm, waxy, furry, dry, hot, fleshy, feathery, dull, steamy, rubbery, fuzzy, thin, sticky, bumpy, hairy, fragile, damp, crisp, leathery, tender', 'csrfmiddlewaretoken': 'xdQAm4JIWKerMYiTEP450VwuM3S3h4nPE5wJvAEoseZ1QpLQ1UgLyEcYUZzhO07W', 'baseline_choice': False, 'permutation_choice': False}
************************************************************
************************************************************
Yer8wbO
{'contrast_type': 'PU', 'contrast_title': '', 'model_type': 'english1000', 'stimuli_type': 'word_list', 'coordinate_space': 'mni', 'list1_name': 'sight_words', 'list1_text': 'ruby', 'list2_name': 'touch_words', 'list2_text': 'lukewarm, mushy, soft, sharp, tepid, oily, woolly, thick, cool, wet, silky, velvety, gritty, icy, spongy, smooth, rough, sandy, cold, slippery, warm, waxy, furry, dry, hot, fleshy, feathery, dull, steamy, rubbery, fuzzy, thin, sticky, bumpy, hairy, fragile, damp, crisp, leathery, tender', 'csrfmiddlewaretoken': 'xdQAm4JIWKerMYiTEP450VwuM3S3h4nPE5wJvAEoseZ1QpLQ1UgLyEcYUZzhO07W', 'baseline_choice': False, 'permutation_choice': False}
************************************************************