0.07388114929199219
0.0781867504119873
0.08062887191772461
0.08156585693359375
0.07899284362792969
0.07898521423339844
0.08446574211120605
0.07513284683227539
0.07580041885375977
0.08064055442810059
0.07812166213989258
0.07682585716247559
0.07728409767150879
0.08003711700439453
0.07941555976867676
0.08407902717590332
0.08099913597106934
0.07471108436584473
0.08192563056945801
0.07837224006652832
0.08015322685241699
0.08207130432128906
0.0757589340209961
0.07851028442382812
0.08486032485961914
0.07602763175964355
0.08302950859069824
0.08137989044189453
0.08235788345336914
0.08497905731201172
0.08701038360595703
0.08331871032714844
0.07568788528442383
0.07975220680236816
0.0728297233581543
0.07988691329956055
0.07825875282287598
0.08386349678039551
0.08219695091247559
0.08340048789978027
0.10248708724975586
0.08567118644714355
0.07823562622070312
0.08277010917663574
0.08464479446411133
0.08388662338256836
0.08209609985351562
0.08506941795349121
0.0895390510559082
0.08647751808166504
0.07965373992919922
0.08177709579467773
0.08659648895263672
0.08518004417419434
0.0844736099243164
0.08117890357971191
0.08083295822143555
0.08196139335632324
0.0788278579711914
0.07793736457824707
0.0821535587310791
0.08254432678222656
0.0819082260131836
0.08245015144348145
0.08165097236633301
0.08396792411804199
0.07891440391540527
0.07842755317687988
0.07977128028869629
0.08097720146179199
0.07890009880065918
0.08278679847717285
0.08121919631958008
0.08005738258361816
0.08350968360900879
0.08092188835144043
0.08139371871948242
0.08426690101623535
0.08011531829833984
0.07502555847167969
0.0805807113647461
0.07731914520263672
0.07679247856140137
0.07691764831542969
0.08262276649475098
0.07773494720458984
0.07372856140136719
0.07614541053771973
0.07088708877563477
0.0751333236694336
0.07744097709655762
0.07542300224304199
0.08271074295043945
0.08086085319519043
0.08511924743652344
0.08055281639099121
0.08511972427368164
0.07937359809875488
0.08783388137817383
0.08323287963867188
0.08543038368225098
0.08482027053833008
0.07978105545043945
0.0806877613067627
0.0813143253326416
0.0790867805480957
0.08117437362670898
0.08352088928222656
0.07915806770324707
0.08288240432739258
0.0815422534942627
0.07922744750976562
0.08605003356933594
0.0835576057434082
0.07509231567382812
0.08068442344665527
0.08240818977355957
0.0817863941192627
0.08037567138671875
0.08002233505249023
0.0897214412689209
0.0812673568725586
0.0784456729888916
0.08519887924194336
0.08178114891052246
0.0790402889251709
0.07757210731506348
