30.758607
359.260229
418.860133
89.844418
119.583773
597.042504
149.155595
208.611512
865.23979
566.601399
715.631756
1043.915452
119.387777
177.83939
774.877732
655.060133
1073.125998
833.864737
236.506943
445.493078
57.096017
922.724788
265.451371
294.936248
981.82262
1011.608399
30.675438
1408.810909
1161.976052
384.114273
473.336973
1100.523107
89.706373
681.816415
801.193321
1717.665414
1779.560369
1377.226451
1252.916234
1498.470019
531.491265
1437.363584
321.474912
1527.636493
1559.155298
620.107126
1652.700744
1869.097032
1932.288328
1996.229806
1682.037304
1189.553777
1280.520922
1838.176902
499.0906
737.675525
886.84068
2027.96155
1586.552412
1126.654854
1218.032003
60.192616
1742.975136
1899.613509
945.189156
2119.036722
2150.69236
1310.461266
1803.820409
2182.0741
1339.659449
2055.547135
2087.800556
1961.817533
1461.245556
1615.139867