WPe9xdL
nXe0vbx
negJYdw
lejRRej
mbkR5az
nelY5aK
vbmZOdY
pen5Rd7
xbo2jag
mepY2aM
zbqx2ap
YerkEaO
Vyb8mdv
9av2maG
DdwpRe1
7axk9ey
PdyP7bQ
kazpYdJ
9aADOev
6dBBXd7
DbDkxal
oeERva0
RdG67bD
QdJ62dO
1aKrReQ
wdL9wej
M7e5Ba2
1aM8AeW
0dNk6eL
YaOYpdx
ZdPNwaK
qaQWldn
5xe7jd7
PdR6qdG
5eVOMaE
NbW6Jay
BeXDWey
QbYEKbz
QeZ6Jep
Qe1wRbJ
rb2kKdW
Le31Mb6
Rb4x1bB
7e5yBe2
9b68neE
xe73je7
yb82mev
Pe9rxaL
Xe0Rvbx
neg5Ybw
lej2Rej
mbk55ez
nelO5dK
vbmwOeY
penZRe7
xboYjeg
mepg2dM
zbqj2dp
Yer0EbO
9avgmbG
DdwjRb1
K9b6nbE
neg56bw
lej25ej
mbk5Xez
nelO6dK
vbmw0eY
penZle7
xboYKeg
mepg6dM
zbqjrdp
Yer06bO
9avgrbG
Ddwjwb1
7axGrey
Pdy8WbQ
9aAnzbv
6dBgJe7
DbDRnel
oeElkd0
RdGZ0bD
QdJZodO
1aKOnaQ
wdLg4bj
1aMj3bW
0dNxzaL
YaO7Nax
ZdP1neK
qaQ1Yan
PdRgReG
5eVm1dE
NbWngay
BeX6mby
QbYvpdz
QeZV6ep
Qe1rjaJ
rb2vvbW
Le32Qd6
Rb4R6eB
7e59Re2
9b6R9bE
xe7LAa7
yb86oev
Pe9Q3eL
Xe0VXbx
negL6aw
lejq5dj
mbkZXaz
nel56aK
vbmQ0bY
penrle7
xboQKeg
mepQ6aM
zbqYrbp
YerR6eO
9avorbG
Ddwmwa1
7axvrdy
PdyrWeQ
kazK8bJ
9aAPzev
6dBLJa7
DbD9ndl
oeE9ke0
RdG50aD
QdJqobO
1aKZneQ